#
# There is insufficient memory for the Java Runtime Environment to continue.
# Native memory allocation (malloc) failed to allocate 1348016 bytes for Chunk::new
# Possible reasons:
#   The system is out of physical RAM or swap space
#   The process is running with CompressedOops enabled, and the Java Heap may be blocking the growth of the native heap
# Possible solutions:
#   Reduce memory load on the system
#   Increase physical memory or swap space
#   Check if swap backing store is full
#   Decrease Java heap size (-Xmx/-Xms)
#   Decrease number of Java threads
#   Decrease Java thread stack sizes (-Xss)
#   Set larger code cache with -XX:ReservedCodeCacheSize=
#   JVM is running with Unscaled Compressed Oops mode in which the Java heap is
#     placed in the first 4GB address space. The Java Heap base address is the
#     maximum limit for the native heap growth. Please use -XX:HeapBaseMinAddress
#     to set the Java Heap base and to place the Java Heap above 4GB virtual address.
# This output file may be truncated or incomplete.
#
#  Out of Memory Error (./src/hotspot/share/memory/arena.cpp:197), pid=1916, tid=8584
#
# JRE version: OpenJDK Runtime Environment (11.0.8+10) (build 11.0.8+10-b944.6842174)
# Java VM: OpenJDK 64-Bit Server VM (11.0.8+10-b944.6842174, mixed mode, tiered, compressed oops, g1 gc, windows-amd64)
# No core dump will be written. Minidumps are not enabled by default on client versions of Windows
#

---------------  S U M M A R Y ------------

Command Line: --add-opens=java.base/java.util=ALL-UNNAMED --add-opens=java.base/java.lang=ALL-UNNAMED --add-opens=java.base/java.lang.invoke=ALL-UNNAMED --add-opens=java.prefs/java.util.prefs=ALL-UNNAMED -XX:MaxMetaspaceSize=256m -XX:+HeapDumpOnOutOfMemoryError -Xms256m -Xmx512m -Dfile.encoding=windows-1251 -Duser.country=RU -Duser.language=ru -Duser.variant org.gradle.launcher.daemon.bootstrap.GradleDaemon 6.6.1

Host: Intel(R) Core(TM) i5-10210U CPU @ 1.60GHz, 8 cores, 7G,  Windows 10 , 64 bit Build 19041 (10.0.19041.1)
Time: Tue May 18 13:43:33 2021 ¡ÂÎ‡ÛÒ¸ (ÁËÏ‡) elapsed time: 5372 seconds (0d 1h 29m 32s)

---------------  T H R E A D  ---------------

Current thread (0x0000025d1a143800):  JavaThread "C2 CompilerThread0" daemon [_thread_in_native, id=8584, stack(0x000000e2cda00000,0x000000e2cdb00000)]


Current CompileTask:
C2:5372064 15452       4       org.gradle.model.internal.type.ModelType::wrap (219 bytes)

Stack: [0x000000e2cda00000,0x000000e2cdb00000]
Native frames: (J=compiled Java code, j=interpreted, Vv=VM code, C=native code)
V  [jvm.dll+0x5de50a]
V  [jvm.dll+0x7122f5]
V  [jvm.dll+0x71384d]
V  [jvm.dll+0x713f03]
V  [jvm.dll+0x23e728]
V  [jvm.dll+0xb899c]
V  [jvm.dll+0xb8e9c]
V  [jvm.dll+0x35020b]
V  [jvm.dll+0x193cbc]
V  [jvm.dll+0x1f780e]
V  [jvm.dll+0x1f68d4]
V  [jvm.dll+0x17f32c]
V  [jvm.dll+0x205047]
V  [jvm.dll+0x203891]
V  [jvm.dll+0x6dad3f]
V  [jvm.dll+0x6d3895]
V  [jvm.dll+0x5dd4a6]
C  [ucrtbase.dll+0x21542]
C  [KERNEL32.DLL+0x16fd4]
C  [ntdll.dll+0x4cf31]


---------------  P R O C E S S  ---------------

Threads class SMR info:
_java_thread_list=0x0000025d21d118d0, length=67, elements={
0x0000025d0263a000, 0x0000025d19783800, 0x0000025d19786800, 0x0000025d197a4000,
0x0000025d197a6800, 0x0000025d1a143800, 0x0000025d1a14a800, 0x0000025d1a14c000,
0x0000025d1a2a3800, 0x0000025d1a2d0000, 0x0000025d1ce30800, 0x0000025d1d22f800,
0x0000025d1c7b0800, 0x0000025d1bb07800, 0x0000025d1bb06000, 0x0000025d1bb06800,
0x0000025d1bb0b000, 0x0000025d1d747800, 0x0000025d1d747000, 0x0000025d1d749800,
0x0000025d1d74c000, 0x0000025d1d748800, 0x0000025d1d74a000, 0x0000025d1d746000,
0x0000025d1d751800, 0x0000025d1d750000, 0x0000025d1d74f000, 0x0000025d1d752800,
0x0000025d1d74c800, 0x0000025d1d753000, 0x0000025d1d74d800, 0x0000025d1d750800,
0x0000025d1d74e800, 0x0000025d1d754000, 0x0000025d1bb04800, 0x0000025d1bb08800,
0x0000025d1bb09000, 0x0000025d1bb0a000, 0x0000025d1bb05000, 0x0000025d22d35800,
0x0000025d22d31000, 0x0000025d22d31800, 0x0000025d22d36800, 0x0000025d22d37800,
0x0000025d22d32800, 0x0000025d22d38000, 0x0000025d22d33800, 0x0000025d22d39000,
0x0000025d22d3a000, 0x0000025d22d34000, 0x0000025d22d3a800, 0x0000025d22d35000,
0x0000025d22d3e000, 0x0000025d22d3e800, 0x0000025d22d3f800, 0x0000025d22d3b800,
0x0000025d22d3c000, 0x0000025d22d3d000, 0x0000025d1a248800, 0x0000025d1a245000,
0x0000025d1a24a000, 0x0000025d1a249000, 0x0000025d1a246800, 0x0000025d1a24b000,
0x0000025d1a24b800, 0x0000025d1a247800, 0x0000025d1a246000
}

Java Threads: ( => current thread )
  0x0000025d0263a000 JavaThread "main" [_thread_blocked, id=6480, stack(0x000000e2ccf00000,0x000000e2cd000000)]
  0x0000025d19783800 JavaThread "Reference Handler" daemon [_thread_blocked, id=7296, stack(0x000000e2cd600000,0x000000e2cd700000)]
  0x0000025d19786800 JavaThread "Finalizer" daemon [_thread_blocked, id=5752, stack(0x000000e2cd700000,0x000000e2cd800000)]
  0x0000025d197a4000 JavaThread "Signal Dispatcher" daemon [_thread_blocked, id=4884, stack(0x000000e2cd800000,0x000000e2cd900000)]
  0x0000025d197a6800 JavaThread "Attach Listener" daemon [_thread_blocked, id=9992, stack(0x000000e2cd900000,0x000000e2cda00000)]
=>0x0000025d1a143800 JavaThread "C2 CompilerThread0" daemon [_thread_in_native, id=8584, stack(0x000000e2cda00000,0x000000e2cdb00000)]
  0x0000025d1a14a800 JavaThread "C1 CompilerThread0" daemon [_thread_blocked, id=4536, stack(0x000000e2cdb00000,0x000000e2cdc00000)]
  0x0000025d1a14c000 JavaThread "Sweeper thread" daemon [_thread_blocked, id=8672, stack(0x000000e2cdc00000,0x000000e2cdd00000)]
  0x0000025d1a2a3800 JavaThread "Common-Cleaner" daemon [_thread_blocked, id=10692, stack(0x000000e2cdd00000,0x000000e2cde00000)]
  0x0000025d1a2d0000 JavaThread "Service Thread" daemon [_thread_blocked, id=6100, stack(0x000000e2cde00000,0x000000e2cdf00000)]
  0x0000025d1ce30800 JavaThread "Daemon health stats" [_thread_blocked, id=3260, stack(0x000000e2ce700000,0x000000e2ce800000)]
  0x0000025d1d22f800 JavaThread "Incoming local TCP Connector on port 51016" [_thread_in_native, id=8704, stack(0x000000e2ce900000,0x000000e2cea00000)]
  0x0000025d1c7b0800 JavaThread "Daemon periodic checks" [_thread_blocked, id=7624, stack(0x000000e2cea00000,0x000000e2ceb00000)]
  0x0000025d1bb07800 JavaThread "Cache worker for file hash cache (C:\Users\–ê–¥–º–∏–Ω–∏—Å—Ç—Ä–∞—Ç–æ—Ä\.gradle\caches\6.6.1\fileHashes)" [_thread_blocked, id=7824, stack(0x000000e2cf200000,0x000000e2cf300000)]
  0x0000025d1bb06000 JavaThread "File lock request listener" [_thread_in_native, id=3936, stack(0x000000e2cf300000,0x000000e2cf400000)]
  0x0000025d1bb06800 JavaThread "Cache worker for journal cache (C:\Users\–ê–¥–º–∏–Ω–∏—Å—Ç—Ä–∞—Ç–æ—Ä\.gradle\caches\journal-1)" [_thread_blocked, id=2764, stack(0x000000e2cf600000,0x000000e2cf700000)]
  0x0000025d1bb0b000 JavaThread "Cache worker for execution history cache (C:\Users\–ê–¥–º–∏–Ω–∏—Å—Ç—Ä–∞—Ç–æ—Ä\.gradle\caches\6.6.1\executionHistory)" [_thread_blocked, id=11148, stack(0x000000e2cfd00000,0x000000e2cfe00000)]
  0x0000025d1d747800 JavaThread "Cache worker for file content cache (C:\Users\–ê–¥–º–∏–Ω–∏—Å—Ç—Ä–∞—Ç–æ—Ä\.gradle\caches\6.6.1\fileContent)" [_thread_blocked, id=10868, stack(0x000000e2cff00000,0x000000e2d0000000)]
  0x0000025d1d747000 JavaThread "Daemon Thread 3" [_thread_blocked, id=11760, stack(0x000000e2ccc00000,0x000000e2ccd00000)]
  0x0000025d1d749800 JavaThread "Handler for socket connection from /127.0.0.1:51016 to /127.0.0.1:53517" [_thread_in_native, id=2828, stack(0x000000e2ccd00000,0x000000e2cce00000)]
  0x0000025d1d74c000 JavaThread "Cancel handler" [_thread_blocked, id=11532, stack(0x000000e2cce00000,0x000000e2ccf00000)]
  0x0000025d1d748800 JavaThread "Daemon worker Thread 3" [_thread_in_Java, id=6000, stack(0x000000e2ce000000,0x000000e2ce100000)]
  0x0000025d1d74a000 JavaThread "Asynchronous log dispatcher for DefaultDaemonConnection: socket connection from /127.0.0.1:51016 to /127.0.0.1:53517" [_thread_blocked, id=3092, stack(0x000000e2ce600000,0x000000e2ce700000)]
  0x0000025d1d746000 JavaThread "Stdin handler" [_thread_blocked, id=5216, stack(0x000000e2ceb00000,0x000000e2cec00000)]
  0x0000025d1d751800 JavaThread "Thread-166" [_thread_blocked, id=7360, stack(0x000000e2cec00000,0x000000e2ced00000)]
  0x0000025d1d750000 JavaThread "Cache worker for file hash cache (F:\kotlin\Simple Chatty Bot\.gradle\6.6.1\fileHashes)" [_thread_blocked, id=2552, stack(0x000000e2ced00000,0x000000e2cee00000)]
  0x0000025d1d74f000 JavaThread "Cache worker for checksums cache (F:\kotlin\Simple Chatty Bot\.gradle\checksums)" [_thread_blocked, id=1304, stack(0x000000e2cee00000,0x000000e2cef00000)]
  0x0000025d1d752800 JavaThread "Cache worker for cache directory md-supplier (C:\Users\–ê–¥–º–∏–Ω–∏—Å—Ç—Ä–∞—Ç–æ—Ä\.gradle\caches\6.6.1\md-supplier)" [_thread_blocked, id=5856, stack(0x000000e2cef00000,0x000000e2cf000000)]
  0x0000025d1d74c800 JavaThread "Cache worker for cache directory md-rule (C:\Users\–ê–¥–º–∏–Ω–∏—Å—Ç—Ä–∞—Ç–æ—Ä\.gradle\caches\6.6.1\md-rule)" [_thread_blocked, id=11024, stack(0x000000e2cf000000,0x000000e2cf100000)]
  0x0000025d1d753000 JavaThread "C2 CompilerThread1" daemon [_thread_in_native, id=7796, stack(0x000000e2cf100000,0x000000e2cf200000)]
  0x0000025d1d74d800 JavaThread "Cache worker for Build Output Cleanup Cache (F:\kotlin\Simple Chatty Bot\.gradle\buildOutputCleanup)" [_thread_blocked, id=2984, stack(0x000000e2cf700000,0x000000e2cf800000)]
  0x0000025d1d750800 JavaThread "Build operations" [_thread_blocked, id=12176, stack(0x000000e2cf800000,0x000000e2cf900000)]
  0x0000025d1d74e800 JavaThread "Build operations Thread 2" [_thread_blocked, id=3032, stack(0x000000e2cf900000,0x000000e2cfa00000)]
  0x0000025d1d754000 JavaThread "Build operations Thread 3" [_thread_blocked, id=10952, stack(0x000000e2cfa00000,0x000000e2cfb00000)]
  0x0000025d1bb04800 JavaThread "Build operations Thread 4" [_thread_blocked, id=7280, stack(0x000000e2cfb00000,0x000000e2cfc00000)]
  0x0000025d1bb08800 JavaThread "Build operations Thread 5" [_thread_blocked, id=9728, stack(0x000000e2cfc00000,0x000000e2cfd00000)]
  0x0000025d1bb09000 JavaThread "Build operations Thread 6" [_thread_blocked, id=4164, stack(0x000000e2cfe00000,0x000000e2cff00000)]
  0x0000025d1bb0a000 JavaThread "Build operations Thread 7" [_thread_blocked, id=3256, stack(0x000000e2d0000000,0x000000e2d0100000)]
  0x0000025d1bb05000 JavaThread "Build operations Thread 8" [_thread_blocked, id=4648, stack(0x000000e2d0100000,0x000000e2d0200000)]
  0x0000025d22d35800 JavaThread "jar transforms Thread 55" [_thread_blocked, id=6484, stack(0x000000e2d0200000,0x000000e2d0300000)]
  0x0000025d22d31000 JavaThread "jar transforms Thread 56" [_thread_blocked, id=11744, stack(0x000000e2d0300000,0x000000e2d0400000)]
  0x0000025d22d31800 JavaThread "jar transforms Thread 57" [_thread_blocked, id=10112, stack(0x000000e2d0400000,0x000000e2d0500000)]
  0x0000025d22d36800 JavaThread "jar transforms Thread 58" [_thread_blocked, id=11484, stack(0x000000e2d0500000,0x000000e2d0600000)]
  0x0000025d22d37800 JavaThread "jar transforms Thread 59" [_thread_blocked, id=10808, stack(0x000000e2d0600000,0x000000e2d0700000)]
  0x0000025d22d32800 JavaThread "jar transforms Thread 60" [_thread_blocked, id=5624, stack(0x000000e2d0700000,0x000000e2d0800000)]
  0x0000025d22d38000 JavaThread "jar transforms Thread 61" [_thread_blocked, id=8464, stack(0x000000e2d0800000,0x000000e2d0900000)]
  0x0000025d22d33800 JavaThread "jar transforms Thread 62" [_thread_blocked, id=7144, stack(0x000000e2d0900000,0x000000e2d0a00000)]
  0x0000025d22d39000 JavaThread "jar transforms Thread 63" [_thread_blocked, id=3588, stack(0x000000e2d0a00000,0x000000e2d0b00000)]
  0x0000025d22d3a000 JavaThread "jar transforms Thread 64" [_thread_blocked, id=4524, stack(0x000000e2d0b00000,0x000000e2d0c00000)]
  0x0000025d22d34000 JavaThread "jar transforms Thread 65" [_thread_blocked, id=10704, stack(0x000000e2d0c00000,0x000000e2d0d00000)]
  0x0000025d22d3a800 JavaThread "jar transforms Thread 66" [_thread_blocked, id=10460, stack(0x000000e2d0d00000,0x000000e2d0e00000)]
  0x0000025d22d35000 JavaThread "jar transforms Thread 67" [_thread_blocked, id=6024, stack(0x000000e2d0e00000,0x000000e2d0f00000)]
  0x0000025d22d3e000 JavaThread "jar transforms Thread 68" [_thread_blocked, id=6504, stack(0x000000e2d0f00000,0x000000e2d1000000)]
  0x0000025d22d3e800 JavaThread "jar transforms Thread 69" [_thread_blocked, id=7772, stack(0x000000e2d1000000,0x000000e2d1100000)]
  0x0000025d22d3f800 JavaThread "jar transforms Thread 70" [_thread_blocked, id=8124, stack(0x000000e2d1100000,0x000000e2d1200000)]
  0x0000025d22d3b800 JavaThread "jar transforms Thread 71" [_thread_blocked, id=7152, stack(0x000000e2d1200000,0x000000e2d1300000)]
  0x0000025d22d3c000 JavaThread "jar transforms Thread 72" [_thread_blocked, id=3340, stack(0x000000e2d1300000,0x000000e2d1400000)]
  0x0000025d22d3d000 JavaThread "jar transforms Thread 73" [_thread_blocked, id=2808, stack(0x000000e2d1400000,0x000000e2d1500000)]
  0x0000025d1a248800 JavaThread "jar transforms Thread 74" [_thread_blocked, id=10204, stack(0x000000e2d1500000,0x000000e2d1600000)]
  0x0000025d1a245000 JavaThread "jar transforms Thread 75" [_thread_blocked, id=7504, stack(0x000000e2d1600000,0x000000e2d1700000)]
  0x0000025d1a24a000 JavaThread "jar transforms Thread 76" [_thread_blocked, id=3408, stack(0x000000e2d1700000,0x000000e2d1800000)]
  0x0000025d1a249000 JavaThread "jar transforms Thread 77" [_thread_blocked, id=2960, stack(0x000000e2d1800000,0x000000e2d1900000)]
  0x0000025d1a246800 JavaThread "jar transforms Thread 78" [_thread_blocked, id=7140, stack(0x000000e2d1900000,0x000000e2d1a00000)]
  0x0000025d1a24b000 JavaThread "jar transforms Thread 79" [_thread_blocked, id=11880, stack(0x000000e2d1a00000,0x000000e2d1b00000)]
  0x0000025d1a24b800 JavaThread "jar transforms Thread 80" [_thread_blocked, id=9760, stack(0x000000e2d1b00000,0x000000e2d1c00000)]
  0x0000025d1a247800 JavaThread "jar transforms Thread 81" [_thread_blocked, id=7768, stack(0x000000e2d1c00000,0x000000e2d1d00000)]
  0x0000025d1a246000 JavaThread "C2 CompilerThread2" daemon [_thread_in_native, id=2436, stack(0x000000e2d1d00000,0x000000e2d1e00000)]

Other Threads:
  0x0000025d1975d000 VMThread "VM Thread" [stack: 0x000000e2cd500000,0x000000e2cd600000] [id=276]
  0x0000025d1a2d2000 WatcherThread [stack: 0x000000e2cdf00000,0x000000e2ce000000] [id=6252]
  0x0000025d02651800 GCTaskThread "GC Thread#0" [stack: 0x000000e2cd000000,0x000000e2cd100000] [id=3872]
  0x0000025d1ad2d000 GCTaskThread "GC Thread#1" [stack: 0x000000e2ce100000,0x000000e2ce200000] [id=3828]
  0x0000025d1af21800 GCTaskThread "GC Thread#2" [stack: 0x000000e2ce200000,0x000000e2ce300000] [id=8436]
  0x0000025d1af22000 GCTaskThread "GC Thread#3" [stack: 0x000000e2ce300000,0x000000e2ce400000] [id=8276]
  0x0000025d1af96000 GCTaskThread "GC Thread#4" [stack: 0x000000e2ce400000,0x000000e2ce500000] [id=5632]
  0x0000025d1af53000 GCTaskThread "GC Thread#5" [stack: 0x000000e2ce500000,0x000000e2ce600000] [id=9960]
  0x0000025d1af4e800 GCTaskThread "GC Thread#6" [stack: 0x000000e2ce800000,0x000000e2ce900000] [id=1452]
  0x0000025d1af4c800 GCTaskThread "GC Thread#7" [stack: 0x000000e2cf400000,0x000000e2cf500000] [id=10624]
  0x0000025d02661000 ConcurrentGCThread "G1 Main Marker" [stack: 0x000000e2cd100000,0x000000e2cd200000] [id=2232]
  0x0000025d02663800 ConcurrentGCThread "G1 Conc#0" [stack: 0x000000e2cd200000,0x000000e2cd300000] [id=9028]
  0x0000025d1af4f000 ConcurrentGCThread "G1 Conc#1" [stack: 0x000000e2cf500000,0x000000e2cf600000] [id=6152]
  0x0000025d195f2800 ConcurrentGCThread "G1 Refine#0" [stack: 0x000000e2cd300000,0x000000e2cd400000] [id=6928]
  0x0000025d1af4d000 ConcurrentGCThread "G1 Refine#1" [stack: 0x000000e2d2300000,0x000000e2d2400000] [id=7112]
  0x0000025d1af51800 ConcurrentGCThread "G1 Refine#2" [stack: 0x000000e2d2400000,0x000000e2d2500000] [id=2152]
  0x0000025d1af52000 ConcurrentGCThread "G1 Refine#3" [stack: 0x000000e2d2500000,0x000000e2d2600000] [id=7008]
  0x0000025d1af4e000 ConcurrentGCThread "G1 Refine#4" [stack: 0x000000e2d2600000,0x000000e2d2700000] [id=5852]
  0x0000025d1f8f5000 ConcurrentGCThread "G1 Refine#5" [stack: 0x000000e2d2700000,0x000000e2d2800000] [id=10632]
  0x0000025d195f3000 ConcurrentGCThread "G1 Young RemSet Sampling" [stack: 0x000000e2cd400000,0x000000e2cd500000] [id=9144]

Threads with active compile tasks:
C2 CompilerThread05372088 15452       4       org.gradle.model.internal.type.ModelType::wrap (219 bytes)
C2 CompilerThread15372088 15522       4       org.gradle.internal.remote.internal.inet.SocketConnection$SocketOutputStream::writeWithNonBlockingRetry (52 bytes)
C2 CompilerThread25372088 15523       4       org.gradle.internal.instantiation.generator.DefaultInstantiationScheme::withServices (25 bytes)

VM state:not at safepoint (normal execution)

VM Mutex/Monitor currently owned by a thread: None

Heap address: 0x00000000e0000000, size: 512 MB, Compressed Oops mode: 32-bit
Narrow klass base: 0x0000000000000000, Narrow klass shift: 3
Compressed class space size: 260046848 Address: 0x0000000100000000

Heap:
 garbage-first heap   total 262144K, used 144658K [0x00000000e0000000, 0x0000000100000000)
  region size 1024K, 37 young (37888K), 2 survivors (2048K)
 Metaspace       used 87327K, capacity 90299K, committed 93684K, reserved 335872K
  class space    used 10755K, capacity 11747K, committed 12416K, reserved 253952K
Heap Regions: E=young(eden), S=young(survivor), O=old, HS=humongous(starts), HC=humongous(continues), CS=collection set, F=free, A=archive, TAMS=top-at-mark-start (previous, next)
|   0|0x00000000e0000000, 0x00000000e0100000, 0x00000000e0100000|100%| O|  |TAMS 0x00000000e0100000, 0x00000000e0000000| Untracked 
|   1|0x00000000e0100000, 0x00000000e0200000, 0x00000000e0200000|100%| O|  |TAMS 0x00000000e0200000, 0x00000000e0100000| Untracked 
|   2|0x00000000e0200000, 0x00000000e0300000, 0x00000000e0300000|100%| O|  |TAMS 0x00000000e0300000, 0x00000000e0200000| Untracked 
|   3|0x00000000e0300000, 0x00000000e0400000, 0x00000000e0400000|100%|HS|  |TAMS 0x00000000e0400000, 0x00000000e0300000| Complete 
|   4|0x00000000e0400000, 0x00000000e0500000, 0x00000000e0500000|100%|HC|  |TAMS 0x00000000e0500000, 0x00000000e0400000| Complete 
|   5|0x00000000e0500000, 0x00000000e0600000, 0x00000000e0600000|100%|HC|  |TAMS 0x00000000e0600000, 0x00000000e0500000| Complete 
|   6|0x00000000e0600000, 0x00000000e0700000, 0x00000000e0700000|100%| O|  |TAMS 0x00000000e0700000, 0x00000000e0600000| Untracked 
|   7|0x00000000e0700000, 0x00000000e0800000, 0x00000000e0800000|100%| O|  |TAMS 0x00000000e0800000, 0x00000000e0700000| Untracked 
|   8|0x00000000e0800000, 0x00000000e0900000, 0x00000000e0900000|100%| O|  |TAMS 0x00000000e0900000, 0x00000000e0800000| Untracked 
|   9|0x00000000e0900000, 0x00000000e0a00000, 0x00000000e0a00000|100%| O|  |TAMS 0x00000000e0a00000, 0x00000000e0900000| Untracked 
|  10|0x00000000e0a00000, 0x00000000e0b00000, 0x00000000e0b00000|100%| O|  |TAMS 0x00000000e0b00000, 0x00000000e0a00000| Untracked 
|  11|0x00000000e0b00000, 0x00000000e0c00000, 0x00000000e0c00000|100%| O|  |TAMS 0x00000000e0c00000, 0x00000000e0b00000| Untracked 
|  12|0x00000000e0c00000, 0x00000000e0d00000, 0x00000000e0d00000|100%| O|  |TAMS 0x00000000e0d00000, 0x00000000e0c00000| Untracked 
|  13|0x00000000e0d00000, 0x00000000e0e00000, 0x00000000e0e00000|100%| O|  |TAMS 0x00000000e0e00000, 0x00000000e0d00000| Untracked 
|  14|0x00000000e0e00000, 0x00000000e0f00000, 0x00000000e0f00000|100%| O|  |TAMS 0x00000000e0f00000, 0x00000000e0e00000| Untracked 
|  15|0x00000000e0f00000, 0x00000000e1000000, 0x00000000e1000000|100%| O|  |TAMS 0x00000000e1000000, 0x00000000e0f00000| Untracked 
|  16|0x00000000e1000000, 0x00000000e1100000, 0x00000000e1100000|100%|HS|  |TAMS 0x00000000e1100000, 0x00000000e1000000| Complete 
|  17|0x00000000e1100000, 0x00000000e1200000, 0x00000000e1200000|100%|HC|  |TAMS 0x00000000e1200000, 0x00000000e1100000| Complete 
|  18|0x00000000e1200000, 0x00000000e1300000, 0x00000000e1300000|100%|HC|  |TAMS 0x00000000e1300000, 0x00000000e1200000| Complete 
|  19|0x00000000e1300000, 0x00000000e1400000, 0x00000000e1400000|100%| O|  |TAMS 0x00000000e1400000, 0x00000000e1300000| Untracked 
|  20|0x00000000e1400000, 0x00000000e1500000, 0x00000000e1500000|100%| O|  |TAMS 0x00000000e1500000, 0x00000000e1400000| Untracked 
|  21|0x00000000e1500000, 0x00000000e1600000, 0x00000000e1600000|100%| O|  |TAMS 0x00000000e1600000, 0x00000000e1500000| Untracked 
|  22|0x00000000e1600000, 0x00000000e1600000, 0x00000000e1700000|  0%| F|  |TAMS 0x00000000e1600000, 0x00000000e1600000| Untracked 
|  23|0x00000000e1700000, 0x00000000e1700000, 0x00000000e1800000|  0%| F|  |TAMS 0x00000000e1700000, 0x00000000e1700000| Untracked 
|  24|0x00000000e1800000, 0x00000000e1800000, 0x00000000e1900000|  0%| F|  |TAMS 0x00000000e1800000, 0x00000000e1800000| Untracked 
|  25|0x00000000e1900000, 0x00000000e1a00000, 0x00000000e1a00000|100%| O|  |TAMS 0x00000000e1a00000, 0x00000000e1900000| Untracked 
|  26|0x00000000e1a00000, 0x00000000e1b00000, 0x00000000e1b00000|100%| O|  |TAMS 0x00000000e1b00000, 0x00000000e1a00000| Untracked 
|  27|0x00000000e1b00000, 0x00000000e1c00000, 0x00000000e1c00000|100%| O|  |TAMS 0x00000000e1c00000, 0x00000000e1b00000| Untracked 
|  28|0x00000000e1c00000, 0x00000000e1d00000, 0x00000000e1d00000|100%| O|  |TAMS 0x00000000e1d00000, 0x00000000e1c00000| Untracked 
|  29|0x00000000e1d00000, 0x00000000e1e00000, 0x00000000e1e00000|100%| O|  |TAMS 0x00000000e1e00000, 0x00000000e1d00000| Untracked 
|  30|0x00000000e1e00000, 0x00000000e1f00000, 0x00000000e1f00000|100%| O|  |TAMS 0x00000000e1f00000, 0x00000000e1e00000| Untracked 
|  31|0x00000000e1f00000, 0x00000000e2000000, 0x00000000e2000000|100%| O|  |TAMS 0x00000000e2000000, 0x00000000e1f00000| Untracked 
|  32|0x00000000e2000000, 0x00000000e2100000, 0x00000000e2100000|100%| O|  |TAMS 0x00000000e2100000, 0x00000000e2000000| Untracked 
|  33|0x00000000e2100000, 0x00000000e2200000, 0x00000000e2200000|100%| O|  |TAMS 0x00000000e2200000, 0x00000000e2100000| Untracked 
|  34|0x00000000e2200000, 0x00000000e2300000, 0x00000000e2300000|100%| O|  |TAMS 0x00000000e2300000, 0x00000000e2200000| Untracked 
|  35|0x00000000e2300000, 0x00000000e2400000, 0x00000000e2400000|100%| O|  |TAMS 0x00000000e2400000, 0x00000000e2300000| Untracked 
|  36|0x00000000e2400000, 0x00000000e2500000, 0x00000000e2500000|100%| O|  |TAMS 0x00000000e2500000, 0x00000000e2400000| Untracked 
|  37|0x00000000e2500000, 0x00000000e2500000, 0x00000000e2600000|  0%| F|  |TAMS 0x00000000e2500000, 0x00000000e2500000| Untracked 
|  38|0x00000000e2600000, 0x00000000e2700000, 0x00000000e2700000|100%| O|  |TAMS 0x00000000e2600000, 0x00000000e2600000| Untracked 
|  39|0x00000000e2700000, 0x00000000e2800000, 0x00000000e2800000|100%| O|  |TAMS 0x00000000e2800000, 0x00000000e2700000| Untracked 
|  40|0x00000000e2800000, 0x00000000e2800000, 0x00000000e2900000|  0%| F|  |TAMS 0x00000000e2800000, 0x00000000e2800000| Untracked 
|  41|0x00000000e2900000, 0x00000000e2900000, 0x00000000e2a00000|  0%| F|  |TAMS 0x00000000e2900000, 0x00000000e2900000| Untracked 
|  42|0x00000000e2a00000, 0x00000000e2a00000, 0x00000000e2b00000|  0%| F|  |TAMS 0x00000000e2a00000, 0x00000000e2a00000| Untracked 
|  43|0x00000000e2b00000, 0x00000000e2c00000, 0x00000000e2c00000|100%| O|  |TAMS 0x00000000e2c00000, 0x00000000e2b00000| Untracked 
|  44|0x00000000e2c00000, 0x00000000e2d00000, 0x00000000e2d00000|100%| O|  |TAMS 0x00000000e2d00000, 0x00000000e2c00000| Untracked 
|  45|0x00000000e2d00000, 0x00000000e2e00000, 0x00000000e2e00000|100%| O|  |TAMS 0x00000000e2e00000, 0x00000000e2d00000| Untracked 
|  46|0x00000000e2e00000, 0x00000000e2e00000, 0x00000000e2f00000|  0%| F|  |TAMS 0x00000000e2e00000, 0x00000000e2e00000| Untracked 
|  47|0x00000000e2f00000, 0x00000000e3000000, 0x00000000e3000000|100%|HS|  |TAMS 0x00000000e3000000, 0x00000000e2f00000| Complete 
|  48|0x00000000e3000000, 0x00000000e3100000, 0x00000000e3100000|100%|HC|  |TAMS 0x00000000e3100000, 0x00000000e3000000| Complete 
|  49|0x00000000e3100000, 0x00000000e3200000, 0x00000000e3200000|100%|HS|  |TAMS 0x00000000e3200000, 0x00000000e3100000| Complete 
|  50|0x00000000e3200000, 0x00000000e3300000, 0x00000000e3300000|100%|HC|  |TAMS 0x00000000e3300000, 0x00000000e3200000| Complete 
|  51|0x00000000e3300000, 0x00000000e3400000, 0x00000000e3400000|100%|HC|  |TAMS 0x00000000e3400000, 0x00000000e3300000| Complete 
|  52|0x00000000e3400000, 0x00000000e3500000, 0x00000000e3500000|100%|HS|  |TAMS 0x00000000e3500000, 0x00000000e3400000| Complete 
|  53|0x00000000e3500000, 0x00000000e3600000, 0x00000000e3600000|100%|HC|  |TAMS 0x00000000e3600000, 0x00000000e3500000| Complete 
|  54|0x00000000e3600000, 0x00000000e3700000, 0x00000000e3700000|100%|HC|  |TAMS 0x00000000e3700000, 0x00000000e3600000| Complete 
|  55|0x00000000e3700000, 0x00000000e3800000, 0x00000000e3800000|100%|HC|  |TAMS 0x00000000e3800000, 0x00000000e3700000| Complete 
|  56|0x00000000e3800000, 0x00000000e3900000, 0x00000000e3900000|100%|HS|  |TAMS 0x00000000e3900000, 0x00000000e3800000| Complete 
|  57|0x00000000e3900000, 0x00000000e3a00000, 0x00000000e3a00000|100%|HC|  |TAMS 0x00000000e3a00000, 0x00000000e3900000| Complete 
|  58|0x00000000e3a00000, 0x00000000e3b00000, 0x00000000e3b00000|100%|HC|  |TAMS 0x00000000e3b00000, 0x00000000e3a00000| Complete 
|  59|0x00000000e3b00000, 0x00000000e3c00000, 0x00000000e3c00000|100%|HS|  |TAMS 0x00000000e3c00000, 0x00000000e3b00000| Complete 
|  60|0x00000000e3c00000, 0x00000000e3d00000, 0x00000000e3d00000|100%|HC|  |TAMS 0x00000000e3d00000, 0x00000000e3c00000| Complete 
|  61|0x00000000e3d00000, 0x00000000e3e00000, 0x00000000e3e00000|100%|HC|  |TAMS 0x00000000e3e00000, 0x00000000e3d00000| Complete 
|  62|0x00000000e3e00000, 0x00000000e3f00000, 0x00000000e3f00000|100%|HC|  |TAMS 0x00000000e3f00000, 0x00000000e3e00000| Complete 
|  63|0x00000000e3f00000, 0x00000000e4000000, 0x00000000e4000000|100%| O|  |TAMS 0x00000000e3f00000, 0x00000000e3f00000| Untracked 
|  64|0x00000000e4000000, 0x00000000e4100000, 0x00000000e4100000|100%| O|  |TAMS 0x00000000e4000000, 0x00000000e4000000| Untracked 
|  65|0x00000000e4100000, 0x00000000e4200000, 0x00000000e4200000|100%| O|  |TAMS 0x00000000e4100000, 0x00000000e4100000| Untracked 
|  66|0x00000000e4200000, 0x00000000e4300000, 0x00000000e4300000|100%| O|  |TAMS 0x00000000e4200000, 0x00000000e4200000| Untracked 
|  67|0x00000000e4300000, 0x00000000e4400000, 0x00000000e4400000|100%| O|  |TAMS 0x00000000e4300000, 0x00000000e4300000| Untracked 
|  68|0x00000000e4400000, 0x00000000e4500000, 0x00000000e4500000|100%| O|  |TAMS 0x00000000e4400000, 0x00000000e4400000| Untracked 
|  69|0x00000000e4500000, 0x00000000e4600000, 0x00000000e4600000|100%| O|  |TAMS 0x00000000e4500000, 0x00000000e4500000| Untracked 
|  70|0x00000000e4600000, 0x00000000e4600000, 0x00000000e4700000|  0%| F|  |TAMS 0x00000000e4600000, 0x00000000e4600000| Untracked 
|  71|0x00000000e4700000, 0x00000000e4800000, 0x00000000e4800000|100%| O|  |TAMS 0x00000000e4800000, 0x00000000e4700000| Untracked 
|  72|0x00000000e4800000, 0x00000000e4900000, 0x00000000e4900000|100%| O|  |TAMS 0x00000000e4900000, 0x00000000e4800000| Untracked 
|  73|0x00000000e4900000, 0x00000000e4a00000, 0x00000000e4a00000|100%| O|  |TAMS 0x00000000e4a00000, 0x00000000e4900000| Untracked 
|  74|0x00000000e4a00000, 0x00000000e4b00000, 0x00000000e4b00000|100%| O|  |TAMS 0x00000000e4b00000, 0x00000000e4a00000| Untracked 
|  75|0x00000000e4b00000, 0x00000000e4b00000, 0x00000000e4c00000|  0%| F|  |TAMS 0x00000000e4b00000, 0x00000000e4b00000| Untracked 
|  76|0x00000000e4c00000, 0x00000000e4c00000, 0x00000000e4d00000|  0%| F|  |TAMS 0x00000000e4c00000, 0x00000000e4c00000| Untracked 
|  77|0x00000000e4d00000, 0x00000000e4d00000, 0x00000000e4e00000|  0%| F|  |TAMS 0x00000000e4d00000, 0x00000000e4d00000| Untracked 
|  78|0x00000000e4e00000, 0x00000000e4f00000, 0x00000000e4f00000|100%| O|  |TAMS 0x00000000e4f00000, 0x00000000e4e00000| Untracked 
|  79|0x00000000e4f00000, 0x00000000e4f00000, 0x00000000e5000000|  0%| F|  |TAMS 0x00000000e4f00000, 0x00000000e4f00000| Untracked 
|  80|0x00000000e5000000, 0x00000000e5000000, 0x00000000e5100000|  0%| F|  |TAMS 0x00000000e5000000, 0x00000000e5000000| Untracked 
|  81|0x00000000e5100000, 0x00000000e5100000, 0x00000000e5200000|  0%| F|  |TAMS 0x00000000e5100000, 0x00000000e5100000| Untracked 
|  82|0x00000000e5200000, 0x00000000e5200000, 0x00000000e5300000|  0%| F|  |TAMS 0x00000000e5200000, 0x00000000e5200000| Untracked 
|  83|0x00000000e5300000, 0x00000000e5300000, 0x00000000e5400000|  0%| F|  |TAMS 0x00000000e5300000, 0x00000000e5300000| Untracked 
|  84|0x00000000e5400000, 0x00000000e5500000, 0x00000000e5500000|100%| O|  |TAMS 0x00000000e5500000, 0x00000000e5400000| Untracked 
|  85|0x00000000e5500000, 0x00000000e5600000, 0x00000000e5600000|100%| O|  |TAMS 0x00000000e5600000, 0x00000000e5500000| Untracked 
|  86|0x00000000e5600000, 0x00000000e5700000, 0x00000000e5700000|100%| O|  |TAMS 0x00000000e5700000, 0x00000000e5600000| Untracked 
|  87|0x00000000e5700000, 0x00000000e5800000, 0x00000000e5800000|100%| O|  |TAMS 0x00000000e5800000, 0x00000000e5700000| Untracked 
|  88|0x00000000e5800000, 0x00000000e5900000, 0x00000000e5900000|100%| O|  |TAMS 0x00000000e5900000, 0x00000000e5800000| Untracked 
|  89|0x00000000e5900000, 0x00000000e5a00000, 0x00000000e5a00000|100%| O|  |TAMS 0x00000000e5a00000, 0x00000000e5900000| Untracked 
|  90|0x00000000e5a00000, 0x00000000e5a00000, 0x00000000e5b00000|  0%| F|  |TAMS 0x00000000e5a00000, 0x00000000e5a00000| Untracked 
|  91|0x00000000e5b00000, 0x00000000e5b00000, 0x00000000e5c00000|  0%| F|  |TAMS 0x00000000e5b00000, 0x00000000e5b00000| Untracked 
|  92|0x00000000e5c00000, 0x00000000e5c00000, 0x00000000e5d00000|  0%| F|  |TAMS 0x00000000e5c00000, 0x00000000e5c00000| Untracked 
|  93|0x00000000e5d00000, 0x00000000e5d00000, 0x00000000e5e00000|  0%| F|  |TAMS 0x00000000e5d00000, 0x00000000e5d00000| Untracked 
|  94|0x00000000e5e00000, 0x00000000e5e00000, 0x00000000e5f00000|  0%| F|  |TAMS 0x00000000e5e00000, 0x00000000e5e00000| Untracked 
|  95|0x00000000e5f00000, 0x00000000e5f00000, 0x00000000e6000000|  0%| F|  |TAMS 0x00000000e5f00000, 0x00000000e5f00000| Untracked 
|  96|0x00000000e6000000, 0x00000000e6100000, 0x00000000e6100000|100%| O|  |TAMS 0x00000000e6100000, 0x00000000e6000000| Untracked 
|  97|0x00000000e6100000, 0x00000000e6200000, 0x00000000e6200000|100%| O|  |TAMS 0x00000000e6200000, 0x00000000e6100000| Untracked 
|  98|0x00000000e6200000, 0x00000000e6300000, 0x00000000e6300000|100%| O|  |TAMS 0x00000000e6300000, 0x00000000e6200000| Untracked 
|  99|0x00000000e6300000, 0x00000000e6400000, 0x00000000e6400000|100%| O|  |TAMS 0x00000000e6400000, 0x00000000e6300000| Untracked 
| 100|0x00000000e6400000, 0x00000000e6500000, 0x00000000e6500000|100%| O|  |TAMS 0x00000000e6500000, 0x00000000e6400000| Untracked 
| 101|0x00000000e6500000, 0x00000000e6600000, 0x00000000e6600000|100%| O|  |TAMS 0x00000000e6600000, 0x00000000e6500000| Untracked 
| 102|0x00000000e6600000, 0x00000000e6700000, 0x00000000e6700000|100%| O|  |TAMS 0x00000000e6700000, 0x00000000e6600000| Untracked 
| 103|0x00000000e6700000, 0x00000000e6800000, 0x00000000e6800000|100%| O|  |TAMS 0x00000000e6800000, 0x00000000e6700000| Untracked 
| 104|0x00000000e6800000, 0x00000000e6900000, 0x00000000e6900000|100%| O|  |TAMS 0x00000000e6900000, 0x00000000e6800000| Untracked 
| 105|0x00000000e6900000, 0x00000000e6900000, 0x00000000e6a00000|  0%| F|  |TAMS 0x00000000e6900000, 0x00000000e6900000| Untracked 
| 106|0x00000000e6a00000, 0x00000000e6a00000, 0x00000000e6b00000|  0%| F|  |TAMS 0x00000000e6a00000, 0x00000000e6a00000| Untracked 
| 107|0x00000000e6b00000, 0x00000000e6c00000, 0x00000000e6c00000|100%| O|  |TAMS 0x00000000e6c00000, 0x00000000e6b00000| Untracked 
| 108|0x00000000e6c00000, 0x00000000e6d00000, 0x00000000e6d00000|100%| O|  |TAMS 0x00000000e6d00000, 0x00000000e6c00000| Untracked 
| 109|0x00000000e6d00000, 0x00000000e6e00000, 0x00000000e6e00000|100%| O|  |TAMS 0x00000000e6e00000, 0x00000000e6d00000| Untracked 
| 110|0x00000000e6e00000, 0x00000000e6f00000, 0x00000000e6f00000|100%| O|  |TAMS 0x00000000e6f00000, 0x00000000e6e00000| Untracked 
| 111|0x00000000e6f00000, 0x00000000e7000000, 0x00000000e7000000|100%| O|  |TAMS 0x00000000e7000000, 0x00000000e6f00000| Untracked 
| 112|0x00000000e7000000, 0x00000000e7100000, 0x00000000e7100000|100%| O|  |TAMS 0x00000000e7100000, 0x00000000e7000000| Untracked 
| 113|0x00000000e7100000, 0x00000000e7200000, 0x00000000e7200000|100%| O|  |TAMS 0x00000000e7200000, 0x00000000e7100000| Untracked 
| 114|0x00000000e7200000, 0x00000000e7300000, 0x00000000e7300000|100%| O|  |TAMS 0x00000000e7300000, 0x00000000e7200000| Untracked 
| 115|0x00000000e7300000, 0x00000000e7400000, 0x00000000e7400000|100%| O|  |TAMS 0x00000000e7400000, 0x00000000e7300000| Untracked 
| 116|0x00000000e7400000, 0x00000000e7500000, 0x00000000e7500000|100%| O|  |TAMS 0x00000000e7500000, 0x00000000e7400000| Untracked 
| 117|0x00000000e7500000, 0x00000000e7600000, 0x00000000e7600000|100%| O|  |TAMS 0x00000000e7600000, 0x00000000e7500000| Untracked 
| 118|0x00000000e7600000, 0x00000000e7700000, 0x00000000e7700000|100%| O|  |TAMS 0x00000000e7700000, 0x00000000e7600000| Untracked 
| 119|0x00000000e7700000, 0x00000000e7800000, 0x00000000e7800000|100%| O|  |TAMS 0x00000000e7800000, 0x00000000e7700000| Untracked 
| 120|0x00000000e7800000, 0x00000000e7900000, 0x00000000e7900000|100%| O|  |TAMS 0x00000000e7900000, 0x00000000e7800000| Untracked 
| 121|0x00000000e7900000, 0x00000000e7a00000, 0x00000000e7a00000|100%| O|  |TAMS 0x00000000e7a00000, 0x00000000e7900000| Untracked 
| 122|0x00000000e7a00000, 0x00000000e7b00000, 0x00000000e7b00000|100%| O|  |TAMS 0x00000000e7b00000, 0x00000000e7a00000| Untracked 
| 123|0x00000000e7b00000, 0x00000000e7c00000, 0x00000000e7c00000|100%| O|  |TAMS 0x00000000e7c00000, 0x00000000e7b00000| Untracked 
| 124|0x00000000e7c00000, 0x00000000e7d00000, 0x00000000e7d00000|100%| O|  |TAMS 0x00000000e7d00000, 0x00000000e7c00000| Untracked 
| 125|0x00000000e7d00000, 0x00000000e7e00000, 0x00000000e7e00000|100%| O|  |TAMS 0x00000000e7e00000, 0x00000000e7d00000| Untracked 
| 126|0x00000000e7e00000, 0x00000000e7f00000, 0x00000000e7f00000|100%| O|  |TAMS 0x00000000e7ed5400, 0x00000000e7e00000| Untracked 
| 127|0x00000000e7f00000, 0x00000000e8000000, 0x00000000e8000000|100%| O|  |TAMS 0x00000000e7f00000, 0x00000000e7f00000| Untracked 
| 128|0x00000000e8000000, 0x00000000e8100000, 0x00000000e8100000|100%| O|  |TAMS 0x00000000e8000000, 0x00000000e8000000| Untracked 
| 129|0x00000000e8100000, 0x00000000e8200000, 0x00000000e8200000|100%| O|  |TAMS 0x00000000e8100000, 0x00000000e8100000| Untracked 
| 130|0x00000000e8200000, 0x00000000e8244800, 0x00000000e8300000| 26%| O|  |TAMS 0x00000000e8200000, 0x00000000e8200000| Untracked 
| 131|0x00000000e8300000, 0x00000000e8300000, 0x00000000e8400000|  0%| F|  |TAMS 0x00000000e8300000, 0x00000000e8300000| Untracked 
| 132|0x00000000e8400000, 0x00000000e8400000, 0x00000000e8500000|  0%| F|  |TAMS 0x00000000e8400000, 0x00000000e8400000| Untracked 
| 133|0x00000000e8500000, 0x00000000e8500000, 0x00000000e8600000|  0%| F|  |TAMS 0x00000000e8500000, 0x00000000e8500000| Untracked 
| 134|0x00000000e8600000, 0x00000000e8600000, 0x00000000e8700000|  0%| F|  |TAMS 0x00000000e8600000, 0x00000000e8600000| Untracked 
| 135|0x00000000e8700000, 0x00000000e8700000, 0x00000000e8800000|  0%| F|  |TAMS 0x00000000e8700000, 0x00000000e8700000| Untracked 
| 136|0x00000000e8800000, 0x00000000e8800000, 0x00000000e8900000|  0%| F|  |TAMS 0x00000000e8800000, 0x00000000e8800000| Untracked 
| 137|0x00000000e8900000, 0x00000000e8900000, 0x00000000e8a00000|  0%| F|  |TAMS 0x00000000e8900000, 0x00000000e8900000| Untracked 
| 138|0x00000000e8a00000, 0x00000000e8a00000, 0x00000000e8b00000|  0%| F|  |TAMS 0x00000000e8a00000, 0x00000000e8a00000| Untracked 
| 139|0x00000000e8b00000, 0x00000000e8b00000, 0x00000000e8c00000|  0%| F|  |TAMS 0x00000000e8b00000, 0x00000000e8b00000| Untracked 
| 140|0x00000000e8c00000, 0x00000000e8c00000, 0x00000000e8d00000|  0%| F|  |TAMS 0x00000000e8c00000, 0x00000000e8c00000| Untracked 
| 141|0x00000000e8d00000, 0x00000000e8d00000, 0x00000000e8e00000|  0%| F|  |TAMS 0x00000000e8d00000, 0x00000000e8d00000| Untracked 
| 142|0x00000000e8e00000, 0x00000000e8e00000, 0x00000000e8f00000|  0%| F|  |TAMS 0x00000000e8e00000, 0x00000000e8e00000| Untracked 
| 143|0x00000000e8f00000, 0x00000000e8f00000, 0x00000000e9000000|  0%| F|  |TAMS 0x00000000e8f00000, 0x00000000e8f00000| Untracked 
| 144|0x00000000e9000000, 0x00000000e9000000, 0x00000000e9100000|  0%| F|  |TAMS 0x00000000e9000000, 0x00000000e9000000| Untracked 
| 145|0x00000000e9100000, 0x00000000e9100000, 0x00000000e9200000|  0%| F|  |TAMS 0x00000000e9100000, 0x00000000e9100000| Untracked 
| 146|0x00000000e9200000, 0x00000000e9200000, 0x00000000e9300000|  0%| F|  |TAMS 0x00000000e9200000, 0x00000000e9200000| Untracked 
| 147|0x00000000e9300000, 0x00000000e9300000, 0x00000000e9400000|  0%| F|  |TAMS 0x00000000e9300000, 0x00000000e9300000| Untracked 
| 148|0x00000000e9400000, 0x00000000e9400000, 0x00000000e9500000|  0%| F|  |TAMS 0x00000000e9400000, 0x00000000e9400000| Untracked 
| 149|0x00000000e9500000, 0x00000000e9500000, 0x00000000e9600000|  0%| F|  |TAMS 0x00000000e9500000, 0x00000000e9500000| Untracked 
| 150|0x00000000e9600000, 0x00000000e9600000, 0x00000000e9700000|  0%| F|  |TAMS 0x00000000e9600000, 0x00000000e9600000| Untracked 
| 151|0x00000000e9700000, 0x00000000e9700000, 0x00000000e9800000|  0%| F|  |TAMS 0x00000000e9700000, 0x00000000e9700000| Untracked 
| 152|0x00000000e9800000, 0x00000000e9800000, 0x00000000e9900000|  0%| F|  |TAMS 0x00000000e9800000, 0x00000000e9800000| Untracked 
| 153|0x00000000e9900000, 0x00000000e9900000, 0x00000000e9a00000|  0%| F|  |TAMS 0x00000000e9900000, 0x00000000e9900000| Untracked 
| 154|0x00000000e9a00000, 0x00000000e9a00000, 0x00000000e9b00000|  0%| F|  |TAMS 0x00000000e9a00000, 0x00000000e9a00000| Untracked 
| 155|0x00000000e9b00000, 0x00000000e9b00000, 0x00000000e9c00000|  0%| F|  |TAMS 0x00000000e9b00000, 0x00000000e9b00000| Untracked 
| 156|0x00000000e9c00000, 0x00000000e9c00000, 0x00000000e9d00000|  0%| F|  |TAMS 0x00000000e9c00000, 0x00000000e9c00000| Untracked 
| 157|0x00000000e9d00000, 0x00000000e9d00000, 0x00000000e9e00000|  0%| F|  |TAMS 0x00000000e9d00000, 0x00000000e9d00000| Untracked 
| 158|0x00000000e9e00000, 0x00000000e9e00000, 0x00000000e9f00000|  0%| F|  |TAMS 0x00000000e9e00000, 0x00000000e9e00000| Untracked 
| 159|0x00000000e9f00000, 0x00000000e9f00000, 0x00000000ea000000|  0%| F|  |TAMS 0x00000000e9f00000, 0x00000000e9f00000| Untracked 
| 160|0x00000000ea000000, 0x00000000ea000000, 0x00000000ea100000|  0%| F|  |TAMS 0x00000000ea000000, 0x00000000ea000000| Untracked 
| 161|0x00000000ea100000, 0x00000000ea100000, 0x00000000ea200000|  0%| F|  |TAMS 0x00000000ea100000, 0x00000000ea100000| Untracked 
| 162|0x00000000ea200000, 0x00000000ea200000, 0x00000000ea300000|  0%| F|  |TAMS 0x00000000ea200000, 0x00000000ea200000| Untracked 
| 163|0x00000000ea300000, 0x00000000ea300000, 0x00000000ea400000|  0%| F|  |TAMS 0x00000000ea300000, 0x00000000ea300000| Untracked 
| 164|0x00000000ea400000, 0x00000000ea400000, 0x00000000ea500000|  0%| F|  |TAMS 0x00000000ea400000, 0x00000000ea400000| Untracked 
| 165|0x00000000ea500000, 0x00000000ea500000, 0x00000000ea600000|  0%| F|  |TAMS 0x00000000ea500000, 0x00000000ea500000| Untracked 
| 166|0x00000000ea600000, 0x00000000ea600000, 0x00000000ea700000|  0%| F|  |TAMS 0x00000000ea600000, 0x00000000ea600000| Untracked 
| 167|0x00000000ea700000, 0x00000000ea700000, 0x00000000ea800000|  0%| F|  |TAMS 0x00000000ea700000, 0x00000000ea700000| Untracked 
| 168|0x00000000ea800000, 0x00000000ea800000, 0x00000000ea900000|  0%| F|  |TAMS 0x00000000ea800000, 0x00000000ea800000| Untracked 
| 169|0x00000000ea900000, 0x00000000ea900000, 0x00000000eaa00000|  0%| F|  |TAMS 0x00000000ea900000, 0x00000000ea900000| Untracked 
| 170|0x00000000eaa00000, 0x00000000eaa00000, 0x00000000eab00000|  0%| F|  |TAMS 0x00000000eaa00000, 0x00000000eaa00000| Untracked 
| 171|0x00000000eab00000, 0x00000000eab00000, 0x00000000eac00000|  0%| F|  |TAMS 0x00000000eab00000, 0x00000000eab00000| Untracked 
| 172|0x00000000eac00000, 0x00000000eac00000, 0x00000000ead00000|  0%| F|  |TAMS 0x00000000eac00000, 0x00000000eac00000| Untracked 
| 173|0x00000000ead00000, 0x00000000ead00000, 0x00000000eae00000|  0%| F|  |TAMS 0x00000000ead00000, 0x00000000ead00000| Untracked 
| 174|0x00000000eae00000, 0x00000000eae00000, 0x00000000eaf00000|  0%| F|  |TAMS 0x00000000eae00000, 0x00000000eae00000| Untracked 
| 175|0x00000000eaf00000, 0x00000000eaf00000, 0x00000000eb000000|  0%| F|  |TAMS 0x00000000eaf00000, 0x00000000eaf00000| Untracked 
| 176|0x00000000eb000000, 0x00000000eb000000, 0x00000000eb100000|  0%| F|  |TAMS 0x00000000eb000000, 0x00000000eb000000| Untracked 
| 177|0x00000000eb100000, 0x00000000eb100000, 0x00000000eb200000|  0%| F|  |TAMS 0x00000000eb100000, 0x00000000eb100000| Untracked 
| 178|0x00000000eb200000, 0x00000000eb200000, 0x00000000eb300000|  0%| F|  |TAMS 0x00000000eb200000, 0x00000000eb200000| Untracked 
| 179|0x00000000eb300000, 0x00000000eb300000, 0x00000000eb400000|  0%| F|  |TAMS 0x00000000eb300000, 0x00000000eb300000| Untracked 
| 180|0x00000000eb400000, 0x00000000eb400000, 0x00000000eb500000|  0%| F|  |TAMS 0x00000000eb400000, 0x00000000eb400000| Untracked 
| 181|0x00000000eb500000, 0x00000000eb500000, 0x00000000eb600000|  0%| F|  |TAMS 0x00000000eb500000, 0x00000000eb500000| Untracked 
| 182|0x00000000eb600000, 0x00000000eb600000, 0x00000000eb700000|  0%| F|  |TAMS 0x00000000eb600000, 0x00000000eb600000| Untracked 
| 183|0x00000000eb700000, 0x00000000eb700000, 0x00000000eb800000|  0%| F|  |TAMS 0x00000000eb700000, 0x00000000eb700000| Untracked 
| 184|0x00000000eb800000, 0x00000000eb800000, 0x00000000eb900000|  0%| F|  |TAMS 0x00000000eb800000, 0x00000000eb800000| Untracked 
| 185|0x00000000eb900000, 0x00000000eb900000, 0x00000000eba00000|  0%| F|  |TAMS 0x00000000eb900000, 0x00000000eb900000| Untracked 
| 186|0x00000000eba00000, 0x00000000eba00000, 0x00000000ebb00000|  0%| F|  |TAMS 0x00000000eba00000, 0x00000000eba00000| Untracked 
| 187|0x00000000ebb00000, 0x00000000ebb00000, 0x00000000ebc00000|  0%| F|  |TAMS 0x00000000ebb00000, 0x00000000ebb00000| Untracked 
| 188|0x00000000ebc00000, 0x00000000ebc00000, 0x00000000ebd00000|  0%| F|  |TAMS 0x00000000ebc00000, 0x00000000ebc00000| Untracked 
| 189|0x00000000ebd00000, 0x00000000ebd00000, 0x00000000ebe00000|  0%| F|  |TAMS 0x00000000ebd00000, 0x00000000ebd00000| Untracked 
| 190|0x00000000ebe00000, 0x00000000ebe00000, 0x00000000ebf00000|  0%| F|  |TAMS 0x00000000ebe00000, 0x00000000ebe00000| Untracked 
| 191|0x00000000ebf00000, 0x00000000ebf00000, 0x00000000ec000000|  0%| F|  |TAMS 0x00000000ebf00000, 0x00000000ebf00000| Untracked 
| 192|0x00000000ec000000, 0x00000000ec000000, 0x00000000ec100000|  0%| F|  |TAMS 0x00000000ec000000, 0x00000000ec000000| Untracked 
| 193|0x00000000ec100000, 0x00000000ec100000, 0x00000000ec200000|  0%| F|  |TAMS 0x00000000ec100000, 0x00000000ec100000| Untracked 
| 194|0x00000000ec200000, 0x00000000ec200000, 0x00000000ec300000|  0%| F|  |TAMS 0x00000000ec200000, 0x00000000ec200000| Untracked 
| 195|0x00000000ec300000, 0x00000000ec300000, 0x00000000ec400000|  0%| F|  |TAMS 0x00000000ec300000, 0x00000000ec300000| Untracked 
| 196|0x00000000ec400000, 0x00000000ec400000, 0x00000000ec500000|  0%| F|  |TAMS 0x00000000ec400000, 0x00000000ec400000| Untracked 
| 197|0x00000000ec500000, 0x00000000ec500000, 0x00000000ec600000|  0%| F|  |TAMS 0x00000000ec500000, 0x00000000ec500000| Untracked 
| 198|0x00000000ec600000, 0x00000000ec600000, 0x00000000ec700000|  0%| F|  |TAMS 0x00000000ec600000, 0x00000000ec600000| Untracked 
| 199|0x00000000ec700000, 0x00000000ec700000, 0x00000000ec800000|  0%| F|  |TAMS 0x00000000ec700000, 0x00000000ec700000| Untracked 
| 200|0x00000000ec800000, 0x00000000ec800000, 0x00000000ec900000|  0%| F|  |TAMS 0x00000000ec800000, 0x00000000ec800000| Untracked 
| 201|0x00000000ec900000, 0x00000000ec900000, 0x00000000eca00000|  0%| F|  |TAMS 0x00000000ec900000, 0x00000000ec900000| Untracked 
| 202|0x00000000eca00000, 0x00000000eca00000, 0x00000000ecb00000|  0%| F|  |TAMS 0x00000000eca00000, 0x00000000eca00000| Untracked 
| 203|0x00000000ecb00000, 0x00000000ecb00000, 0x00000000ecc00000|  0%| F|  |TAMS 0x00000000ecb00000, 0x00000000ecb00000| Untracked 
| 204|0x00000000ecc00000, 0x00000000ecc00000, 0x00000000ecd00000|  0%| F|  |TAMS 0x00000000ecc00000, 0x00000000ecc00000| Untracked 
| 205|0x00000000ecd00000, 0x00000000ecd00000, 0x00000000ece00000|  0%| F|  |TAMS 0x00000000ecd00000, 0x00000000ecd00000| Untracked 
| 206|0x00000000ece00000, 0x00000000ece00000, 0x00000000ecf00000|  0%| F|  |TAMS 0x00000000ece00000, 0x00000000ece00000| Untracked 
| 207|0x00000000ecf00000, 0x00000000ecf00000, 0x00000000ed000000|  0%| F|  |TAMS 0x00000000ecf00000, 0x00000000ecf00000| Untracked 
| 208|0x00000000ed000000, 0x00000000ed000000, 0x00000000ed100000|  0%| F|  |TAMS 0x00000000ed000000, 0x00000000ed000000| Untracked 
| 209|0x00000000ed100000, 0x00000000ed100000, 0x00000000ed200000|  0%| F|  |TAMS 0x00000000ed100000, 0x00000000ed100000| Untracked 
| 210|0x00000000ed200000, 0x00000000ed200000, 0x00000000ed300000|  0%| F|  |TAMS 0x00000000ed200000, 0x00000000ed200000| Untracked 
| 211|0x00000000ed300000, 0x00000000ed300000, 0x00000000ed400000|  0%| F|  |TAMS 0x00000000ed300000, 0x00000000ed300000| Untracked 
| 212|0x00000000ed400000, 0x00000000ed400000, 0x00000000ed500000|  0%| F|  |TAMS 0x00000000ed400000, 0x00000000ed400000| Untracked 
| 213|0x00000000ed500000, 0x00000000ed500000, 0x00000000ed600000|  0%| F|  |TAMS 0x00000000ed500000, 0x00000000ed500000| Untracked 
| 214|0x00000000ed600000, 0x00000000ed600000, 0x00000000ed700000|  0%| F|  |TAMS 0x00000000ed600000, 0x00000000ed600000| Untracked 
| 215|0x00000000ed700000, 0x00000000ed700000, 0x00000000ed800000|  0%| F|  |TAMS 0x00000000ed700000, 0x00000000ed700000| Untracked 
| 216|0x00000000ed800000, 0x00000000ed800000, 0x00000000ed900000|  0%| F|  |TAMS 0x00000000ed800000, 0x00000000ed800000| Untracked 
| 217|0x00000000ed900000, 0x00000000ed900000, 0x00000000eda00000|  0%| F|  |TAMS 0x00000000ed900000, 0x00000000ed900000| Untracked 
| 218|0x00000000eda00000, 0x00000000eda00000, 0x00000000edb00000|  0%| F|  |TAMS 0x00000000eda00000, 0x00000000eda00000| Untracked 
| 219|0x00000000edb00000, 0x00000000edba2380, 0x00000000edc00000| 63%| E|  |TAMS 0x00000000edb00000, 0x00000000edb00000| Complete 
| 220|0x00000000edc00000, 0x00000000edd00000, 0x00000000edd00000|100%| E|CS|TAMS 0x00000000edc00000, 0x00000000edc00000| Complete 
| 221|0x00000000edd00000, 0x00000000ede00000, 0x00000000ede00000|100%| E|CS|TAMS 0x00000000edd00000, 0x00000000edd00000| Complete 
| 222|0x00000000ede00000, 0x00000000edf00000, 0x00000000edf00000|100%| E|CS|TAMS 0x00000000ede00000, 0x00000000ede00000| Complete 
| 223|0x00000000edf00000, 0x00000000ee000000, 0x00000000ee000000|100%| E|CS|TAMS 0x00000000edf00000, 0x00000000edf00000| Complete 
| 224|0x00000000ee000000, 0x00000000ee100000, 0x00000000ee100000|100%| E|CS|TAMS 0x00000000ee000000, 0x00000000ee000000| Complete 
| 225|0x00000000ee100000, 0x00000000ee200000, 0x00000000ee200000|100%| E|CS|TAMS 0x00000000ee100000, 0x00000000ee100000| Complete 
| 226|0x00000000ee200000, 0x00000000ee300000, 0x00000000ee300000|100%| E|CS|TAMS 0x00000000ee200000, 0x00000000ee200000| Complete 
| 227|0x00000000ee300000, 0x00000000ee400000, 0x00000000ee400000|100%| E|CS|TAMS 0x00000000ee300000, 0x00000000ee300000| Complete 
| 228|0x00000000ee400000, 0x00000000ee500000, 0x00000000ee500000|100%| E|CS|TAMS 0x00000000ee400000, 0x00000000ee400000| Complete 
| 229|0x00000000ee500000, 0x00000000ee600000, 0x00000000ee600000|100%| E|CS|TAMS 0x00000000ee500000, 0x00000000ee500000| Complete 
| 230|0x00000000ee600000, 0x00000000ee700000, 0x00000000ee700000|100%| E|CS|TAMS 0x00000000ee600000, 0x00000000ee600000| Complete 
| 231|0x00000000ee700000, 0x00000000ee800000, 0x00000000ee800000|100%| E|CS|TAMS 0x00000000ee700000, 0x00000000ee700000| Complete 
| 232|0x00000000ee800000, 0x00000000ee900000, 0x00000000ee900000|100%| E|CS|TAMS 0x00000000ee800000, 0x00000000ee800000| Complete 
| 233|0x00000000ee900000, 0x00000000eea00000, 0x00000000eea00000|100%| E|CS|TAMS 0x00000000ee900000, 0x00000000ee900000| Complete 
| 234|0x00000000eea00000, 0x00000000eeb00000, 0x00000000eeb00000|100%| E|CS|TAMS 0x00000000eea00000, 0x00000000eea00000| Complete 
| 235|0x00000000eeb00000, 0x00000000eec00000, 0x00000000eec00000|100%| E|CS|TAMS 0x00000000eeb00000, 0x00000000eeb00000| Complete 
| 236|0x00000000eec00000, 0x00000000eed00000, 0x00000000eed00000|100%| E|CS|TAMS 0x00000000eec00000, 0x00000000eec00000| Complete 
| 237|0x00000000eed00000, 0x00000000eee00000, 0x00000000eee00000|100%| E|CS|TAMS 0x00000000eed00000, 0x00000000eed00000| Complete 
| 238|0x00000000eee00000, 0x00000000eef00000, 0x00000000eef00000|100%| E|CS|TAMS 0x00000000eee00000, 0x00000000eee00000| Complete 
| 239|0x00000000eef00000, 0x00000000ef000000, 0x00000000ef000000|100%| E|CS|TAMS 0x00000000eef00000, 0x00000000eef00000| Complete 
| 240|0x00000000ef000000, 0x00000000ef100000, 0x00000000ef100000|100%| E|CS|TAMS 0x00000000ef000000, 0x00000000ef000000| Complete 
| 241|0x00000000ef100000, 0x00000000ef200000, 0x00000000ef200000|100%| E|CS|TAMS 0x00000000ef100000, 0x00000000ef100000| Complete 
| 242|0x00000000ef200000, 0x00000000ef300000, 0x00000000ef300000|100%| E|CS|TAMS 0x00000000ef200000, 0x00000000ef200000| Complete 
| 243|0x00000000ef300000, 0x00000000ef400000, 0x00000000ef400000|100%| E|CS|TAMS 0x00000000ef300000, 0x00000000ef300000| Complete 
| 244|0x00000000ef400000, 0x00000000ef500000, 0x00000000ef500000|100%| S|CS|TAMS 0x00000000ef400000, 0x00000000ef400000| Complete 
| 245|0x00000000ef500000, 0x00000000ef600000, 0x00000000ef600000|100%| S|CS|TAMS 0x00000000ef500000, 0x00000000ef500000| Complete 
| 246|0x00000000ef600000, 0x00000000ef700000, 0x00000000ef700000|100%| E|CS|TAMS 0x00000000ef600000, 0x00000000ef600000| Complete 
| 247|0x00000000ef700000, 0x00000000ef800000, 0x00000000ef800000|100%| E|CS|TAMS 0x00000000ef700000, 0x00000000ef700000| Complete 
| 248|0x00000000ef800000, 0x00000000ef900000, 0x00000000ef900000|100%| E|CS|TAMS 0x00000000ef800000, 0x00000000ef800000| Complete 
| 249|0x00000000ef900000, 0x00000000efa00000, 0x00000000efa00000|100%| E|CS|TAMS 0x00000000ef900000, 0x00000000ef900000| Complete 
| 250|0x00000000efa00000, 0x00000000efb00000, 0x00000000efb00000|100%| E|CS|TAMS 0x00000000efa00000, 0x00000000efa00000| Complete 
| 251|0x00000000efb00000, 0x00000000efc00000, 0x00000000efc00000|100%| E|CS|TAMS 0x00000000efb00000, 0x00000000efb00000| Complete 
| 252|0x00000000efc00000, 0x00000000efd00000, 0x00000000efd00000|100%| E|CS|TAMS 0x00000000efc00000, 0x00000000efc00000| Complete 
| 253|0x00000000efd00000, 0x00000000efe00000, 0x00000000efe00000|100%| E|CS|TAMS 0x00000000efd00000, 0x00000000efd00000| Complete 
| 254|0x00000000efe00000, 0x00000000eff00000, 0x00000000eff00000|100%| E|CS|TAMS 0x00000000efe00000, 0x00000000efe00000| Complete 
| 255|0x00000000eff00000, 0x00000000f0000000, 0x00000000f0000000|100%| E|CS|TAMS 0x00000000eff00000, 0x00000000eff00000| Complete 

Card table byte_map: [0x0000025d15b30000,0x0000025d15c30000] _byte_map_base: 0x0000025d15430000

Marking Bits (Prev, Next): (CMBitMap*) 0x0000025d0265e3e8, (CMBitMap*) 0x0000025d0265e420
 Prev Bits: [0x0000025d15d30000, 0x0000025d16530000)
 Next Bits: [0x0000025d16530000, 0x0000025d16d30000)

Polling page: 0x0000025d00fa0000

Metaspace:

Usage:
  Non-class:     76.71 MB capacity,    74.78 MB ( 97%) used,     1.67 MB (  2%) free+waste,   271.50 KB ( <1%) overhead. 
      Class:     11.47 MB capacity,    10.50 MB ( 92%) used,   867.43 KB (  7%) free+waste,   123.63 KB (  1%) overhead. 
       Both:     88.18 MB capacity,    85.28 MB ( 97%) used,     2.51 MB (  3%) free+waste,   395.13 KB ( <1%) overhead. 

Virtual space:
  Non-class space:       80.00 MB reserved,      79.36 MB (>99%) committed 
      Class space:      248.00 MB reserved,      12.13 MB (  5%) committed 
             Both:      328.00 MB reserved,      91.49 MB ( 28%) committed 

Chunk freelists:
   Non-Class:  2.49 MB
       Class:  590.00 KB
        Both:  3.06 MB

MaxMetaspaceSize: 256.00 MB
CompressedClassSpaceSize: 248.00 MB

CodeHeap 'non-profiled nmethods': size=120000Kb used=9698Kb max_used=9698Kb free=110301Kb
 bounds [0x0000025d0da90000, 0x0000025d0e410000, 0x0000025d14fc0000]
CodeHeap 'profiled nmethods': size=120000Kb used=34108Kb max_used=34108Kb free=85891Kb
 bounds [0x0000025d06560000, 0x0000025d086c0000, 0x0000025d0da90000]
CodeHeap 'non-nmethods': size=5760Kb used=2311Kb max_used=2362Kb free=3449Kb
 bounds [0x0000025d05fc0000, 0x0000025d06230000, 0x0000025d06560000]
 total_blobs=15735 nmethods=14815 adapters=829
 compilation: enabled
              stopped_count=0, restarted_count=0
 full_count=0

Compilation events (20 events):
Event: 5372.055 Thread 0x0000025d1a14a800 nmethod 15512 0x0000025d086aeb90 code [0x0000025d086aed40, 0x0000025d086aeef8]
Event: 5372.055 Thread 0x0000025d1a14a800 15513       3       org.gradle.api.internal.artifacts.DefaultArtifactRepositoryContainer$RepositoryNamer::<init> (5 bytes)
Event: 5372.055 Thread 0x0000025d1a14a800 nmethod 15513 0x0000025d086aef90 code [0x0000025d086af140, 0x0000025d086af298]
Event: 5372.055 Thread 0x0000025d1a14a800 15514       1       org.gradle.internal.scripts.ScriptingLanguages$1::getProvider (5 bytes)
Event: 5372.055 Thread 0x0000025d1a14a800 nmethod 15514 0x0000025d0e405290 code [0x0000025d0e405440, 0x0000025d0e4054f8]
Event: 5372.058 Thread 0x0000025d1a14a800 15515       1       org.gradle.configuration.DefaultScriptPluginFactory::access$000 (5 bytes)
Event: 5372.058 Thread 0x0000025d1a14a800 nmethod 15515 0x0000025d0e405590 code [0x0000025d0e405740, 0x0000025d0e4057d8]
Event: 5372.058 Thread 0x0000025d1a14a800 15516       1       org.gradle.configuration.DefaultScriptPluginFactory::access$100 (5 bytes)
Event: 5372.058 Thread 0x0000025d1a14a800 nmethod 15516 0x0000025d0e405890 code [0x0000025d0e405a40, 0x0000025d0e405ad8]
Event: 5372.058 Thread 0x0000025d1a14a800 15517       1       org.gradle.configuration.DefaultScriptPluginFactory::access$200 (5 bytes)
Event: 5372.058 Thread 0x0000025d1a14a800 nmethod 15517 0x0000025d0e405b90 code [0x0000025d0e405d40, 0x0000025d0e405dd8]
Event: 5372.058 Thread 0x0000025d1a14a800 15518       1       org.gradle.configuration.DefaultScriptPluginFactory::access$300 (5 bytes)
Event: 5372.058 Thread 0x0000025d1a14a800 nmethod 15518 0x0000025d0e405e90 code [0x0000025d0e406040, 0x0000025d0e4060d8]
Event: 5372.058 Thread 0x0000025d1a14a800 15519       1       org.gradle.configuration.DefaultScriptPluginFactory::access$600 (5 bytes)
Event: 5372.058 Thread 0x0000025d1a14a800 nmethod 15519 0x0000025d0e406190 code [0x0000025d0e406340, 0x0000025d0e4063d8]
Event: 5372.058 Thread 0x0000025d1a14a800 15520       1       org.gradle.configuration.DefaultScriptPluginFactory::access$700 (5 bytes)
Event: 5372.058 Thread 0x0000025d1a14a800 nmethod 15520 0x0000025d0e406490 code [0x0000025d0e406640, 0x0000025d0e4066d8]
Event: 5372.060 Thread 0x0000025d1d753000 15521       4       org.gradle.api.internal.tasks.DefaultTaskContainer_Decorated::getInstantiator (39 bytes)
Event: 5372.061 Thread 0x0000025d1d753000 nmethod 15521 0x0000025d0e406790 code [0x0000025d0e406920, 0x0000025d0e406998]
Event: 5372.062 Thread 0x0000025d1a246000 nmethod 15504 0x0000025d0e406a10 code [0x0000025d0e406c60, 0x0000025d0e407870]

GC Heap History (20 events):
Event: 16.241 GC heap before
{Heap before GC invocations=11 (full 0):
 garbage-first heap   total 262144K, used 167635K [0x00000000e0000000, 0x0000000100000000)
  region size 1024K, 93 young (95232K), 13 survivors (13312K)
 Metaspace       used 72386K, capacity 74660K, committed 74868K, reserved 319488K
  class space    used 9149K, capacity 9872K, committed 9984K, reserved 253952K
}
Event: 16.264 GC heap after
{Heap after GC invocations=12 (full 0):
 garbage-first heap   total 262144K, used 93690K [0x00000000e0000000, 0x0000000100000000)
  region size 1024K, 8 young (8192K), 8 survivors (8192K)
 Metaspace       used 72386K, capacity 74660K, committed 74868K, reserved 319488K
  class space    used 9149K, capacity 9872K, committed 9984K, reserved 253952K
}
Event: 17.707 GC heap before
{Heap before GC invocations=12 (full 0):
 garbage-first heap   total 262144K, used 175610K [0x00000000e0000000, 0x0000000100000000)
  region size 1024K, 88 young (90112K), 8 survivors (8192K)
 Metaspace       used 75974K, capacity 78398K, committed 78580K, reserved 323584K
  class space    used 9519K, capacity 10285K, committed 10368K, reserved 253952K
}
Event: 17.723 GC heap after
{Heap after GC invocations=13 (full 0):
 garbage-first heap   total 262144K, used 99057K [0x00000000e0000000, 0x0000000100000000)
  region size 1024K, 5 young (5120K), 5 survivors (5120K)
 Metaspace       used 75974K, capacity 78398K, committed 78580K, reserved 323584K
  class space    used 9519K, capacity 10285K, committed 10368K, reserved 253952K
}
Event: 18.805 GC heap before
{Heap before GC invocations=13 (full 0):
 garbage-first heap   total 262144K, used 184049K [0x00000000e0000000, 0x0000000100000000)
  region size 1024K, 88 young (90112K), 5 survivors (5120K)
 Metaspace       used 81956K, capacity 84678K, committed 84852K, reserved 327680K
  class space    used 10293K, capacity 11187K, committed 11264K, reserved 253952K
}
Event: 18.820 GC heap after
{Heap after GC invocations=14 (full 0):
 garbage-first heap   total 262144K, used 104437K [0x00000000e0000000, 0x0000000100000000)
  region size 1024K, 11 young (11264K), 11 survivors (11264K)
 Metaspace       used 81956K, capacity 84678K, committed 84852K, reserved 327680K
  class space    used 10293K, capacity 11187K, committed 11264K, reserved 253952K
}
Event: 19.749 GC heap before
{Heap before GC invocations=14 (full 0):
 garbage-first heap   total 262144K, used 190453K [0x00000000e0000000, 0x0000000100000000)
  region size 1024K, 95 young (97280K), 11 survivors (11264K)
 Metaspace       used 84542K, capacity 87602K, committed 87924K, reserved 331776K
  class space    used 10646K, capacity 11670K, committed 11776K, reserved 253952K
}
Event: 19.774 GC heap after
{Heap after GC invocations=15 (full 0):
 garbage-first heap   total 262144K, used 111119K [0x00000000e0000000, 0x0000000100000000)
  region size 1024K, 12 young (12288K), 12 survivors (12288K)
 Metaspace       used 84542K, capacity 87602K, committed 87924K, reserved 331776K
  class space    used 10646K, capacity 11670K, committed 11776K, reserved 253952K
}
Event: 2438.037 GC heap before
{Heap before GC invocations=15 (full 0):
 garbage-first heap   total 262144K, used 198159K [0x00000000e0000000, 0x0000000100000000)
  region size 1024K, 96 young (98304K), 12 survivors (12288K)
 Metaspace       used 86491K, capacity 89737K, committed 89844K, reserved 333824K
  class space    used 10820K, capacity 11904K, committed 11904K, reserved 253952K
}
Event: 2438.060 GC heap after
{Heap after GC invocations=16 (full 0):
 garbage-first heap   total 262144K, used 115025K [0x00000000e0000000, 0x0000000100000000)
  region size 1024K, 5 young (5120K), 5 survivors (5120K)
 Metaspace       used 86491K, capacity 89737K, committed 89844K, reserved 333824K
  class space    used 10820K, capacity 11904K, committed 11904K, reserved 253952K
}
Event: 2439.595 GC heap before
{Heap before GC invocations=16 (full 0):
 garbage-first heap   total 262144K, used 201041K [0x00000000e0000000, 0x0000000100000000)
  region size 1024K, 89 young (91136K), 5 survivors (5120K)
 Metaspace       used 87611K, capacity 91076K, committed 91252K, reserved 333824K
  class space    used 10906K, capacity 12012K, committed 12032K, reserved 253952K
}
Event: 2439.609 GC heap after
{Heap after GC invocations=17 (full 0):
 garbage-first heap   total 262144K, used 122481K [0x00000000e0000000, 0x0000000100000000)
  region size 1024K, 12 young (12288K), 12 survivors (12288K)
 Metaspace       used 87611K, capacity 91076K, committed 91252K, reserved 333824K
  class space    used 10906K, capacity 12012K, committed 12032K, reserved 253952K
}
Event: 2441.621 GC heap before
{Heap before GC invocations=17 (full 0):
 garbage-first heap   total 262144K, used 205425K [0x00000000e0000000, 0x0000000100000000)
  region size 1024K, 93 young (95232K), 12 survivors (12288K)
 Metaspace       used 88307K, capacity 91753K, committed 91892K, reserved 333824K
  class space    used 10969K, capacity 12084K, committed 12160K, reserved 253952K
}
Event: 2441.640 GC heap after
{Heap after GC invocations=18 (full 0):
 garbage-first heap   total 262144K, used 130265K [0x00000000e0000000, 0x0000000100000000)
  region size 1024K, 9 young (9216K), 9 survivors (9216K)
 Metaspace       used 88307K, capacity 91753K, committed 91892K, reserved 333824K
  class space    used 10969K, capacity 12084K, committed 12160K, reserved 253952K
}
Event: 2442.501 GC heap before
{Heap before GC invocations=18 (full 0):
 garbage-first heap   total 262144K, used 208089K [0x00000000e0000000, 0x0000000100000000)
  region size 1024K, 85 young (87040K), 9 survivors (9216K)
 Metaspace       used 89858K, capacity 93353K, committed 93684K, reserved 335872K
  class space    used 11146K, capacity 12315K, committed 12416K, reserved 253952K
}
Event: 2442.518 GC heap after
{Heap after GC invocations=19 (full 0):
 garbage-first heap   total 262144K, used 136414K [0x00000000e0000000, 0x0000000100000000)
  region size 1024K, 7 young (7168K), 7 survivors (7168K)
 Metaspace       used 89858K, capacity 93353K, committed 93684K, reserved 335872K
  class space    used 11146K, capacity 12315K, committed 12416K, reserved 253952K
}
Event: 4953.510 GC heap before
{Heap before GC invocations=20 (full 0):
 garbage-first heap   total 262144K, used 205022K [0x00000000e0000000, 0x0000000100000000)
  region size 1024K, 81 young (82944K), 7 survivors (7168K)
 Metaspace       used 87242K, capacity 90234K, committed 93684K, reserved 335872K
  class space    used 10755K, capacity 11747K, committed 12416K, reserved 253952K
}
Event: 4953.540 GC heap after
{Heap after GC invocations=21 (full 0):
 garbage-first heap   total 262144K, used 129174K [0x00000000e0000000, 0x0000000100000000)
  region size 1024K, 2 young (2048K), 2 survivors (2048K)
 Metaspace       used 87242K, capacity 90234K, committed 93684K, reserved 335872K
  class space    used 10755K, capacity 11747K, committed 12416K, reserved 253952K
}
Event: 5371.350 GC heap before
{Heap before GC invocations=21 (full 0):
 garbage-first heap   total 262144K, used 139414K [0x00000000e0000000, 0x0000000100000000)
  region size 1024K, 12 young (12288K), 2 survivors (2048K)
 Metaspace       used 87284K, capacity 90298K, committed 93684K, reserved 335872K
  class space    used 10755K, capacity 11747K, committed 12416K, reserved 253952K
}
Event: 5371.367 GC heap after
{Heap after GC invocations=22 (full 0):
 garbage-first heap   total 262144K, used 109842K [0x00000000e0000000, 0x0000000100000000)
  region size 1024K, 2 young (2048K), 2 survivors (2048K)
 Metaspace       used 87284K, capacity 90298K, committed 93684K, reserved 335872K
  class space    used 10755K, capacity 11747K, committed 12416K, reserved 253952K
}

Deoptimization events (20 events):
Event: 5371.243 Thread 0x0000025d1d749800 DEOPT PACKING pc=0x0000025d0de48c84 sp=0x000000e2ccdfe4c0
Event: 5371.243 Thread 0x0000025d1d749800 DEOPT UNPACKING pc=0x0000025d05fe74af sp=0x000000e2ccdfe278 mode 2
Event: 5371.245 Thread 0x0000025d1d749800 Uncommon trap: trap_request=0xffffff4d fr.pc=0x0000025d0e071998 relative=0x0000000000000298
Event: 5371.245 Thread 0x0000025d1d749800 Uncommon trap: reason=unstable_if action=reinterpret pc=0x0000025d0e071998 method=com.esotericsoftware.kryo.io.Input.readVarInt(Z)I @ 42 c2
Event: 5371.245 Thread 0x0000025d1d749800 DEOPT PACKING pc=0x0000025d0e071998 sp=0x000000e2ccdfe730
Event: 5371.245 Thread 0x0000025d1d749800 DEOPT UNPACKING pc=0x0000025d05fe74af sp=0x000000e2ccdfe620 mode 2
Event: 5371.265 Thread 0x0000025d1d748800 Uncommon trap: trap_request=0xffffff7e fr.pc=0x0000025d0e3549b0 relative=0x0000000000000370
Event: 5371.265 Thread 0x0000025d1d748800 Uncommon trap: reason=predicate action=maybe_recompile pc=0x0000025d0e3549b0 method=java.util.AbstractCollection.toArray([Ljava/lang/Object;)[Ljava/lang/Object; @ 43 c2
Event: 5371.265 Thread 0x0000025d1d748800 DEOPT PACKING pc=0x0000025d0e3549b0 sp=0x000000e2ce0fc520
Event: 5371.265 Thread 0x0000025d1d748800 DEOPT UNPACKING pc=0x0000025d05fe74af sp=0x000000e2ce0fc4c8 mode 2
Event: 5371.293 Thread 0x0000025d1d748800 Uncommon trap: trap_request=0xffffff76 fr.pc=0x0000025d0dbf9960 relative=0x0000000000002280
Event: 5371.293 Thread 0x0000025d1d748800 Uncommon trap: reason=loop_limit_check action=maybe_recompile pc=0x0000025d0dbf9960 method=org.codehaus.groovy.runtime.metaclass.ClosureMetaClass.invokeMethod(Ljava/lang/Class;Ljava/lang/Object;Ljava/lang/String;[Ljava/lang/Object;ZZ)Ljava/lang/Object; @ 
Event: 5371.293 Thread 0x0000025d1d748800 DEOPT PACKING pc=0x0000025d0dbf9960 sp=0x000000e2ce0fab10
Event: 5371.293 Thread 0x0000025d1d748800 DEOPT UNPACKING pc=0x0000025d05fe74af sp=0x000000e2ce0faac0 mode 2
Event: 5371.316 Thread 0x0000025d1d748800 Uncommon trap: trap_request=0xffffff4d fr.pc=0x0000025d0dc595bc relative=0x000000000000277c
Event: 5371.316 Thread 0x0000025d1d748800 Uncommon trap: reason=unstable_if action=reinterpret pc=0x0000025d0dc595bc method=java.lang.ref.SoftReference.get()Ljava/lang/Object; @ 6 c2
Event: 5371.316 Thread 0x0000025d1d748800 DEOPT PACKING pc=0x0000025d0dc595bc sp=0x000000e2ce0f9ce0
Event: 5371.316 Thread 0x0000025d1d748800 DEOPT UNPACKING pc=0x0000025d05fe74af sp=0x000000e2ce0f9c18 mode 2
Event: 5371.516 Thread 0x0000025d1d748800 DEOPT PACKING pc=0x0000025d083d5652 sp=0x000000e2ce0f75d0
Event: 5371.516 Thread 0x0000025d1d748800 DEOPT UNPACKING pc=0x0000025d05fe72ce sp=0x000000e2ce0f69e8 mode 0

Classes redefined (0 events):
No events

Internal exceptions (20 events):
Event: 2441.815 Thread 0x0000025d1d74a000 Exception <a 'java/lang/NoSuchMethodError'{0x00000000ef68cb10}: <clinit>> (0x00000000ef68cb10) thrown at [./src/hotspot/share/prims/jni.cpp, line 1362]
Event: 2442.300 Thread 0x0000025d1d74a000 Exception <a 'java/lang/ClassNotFoundException'{0x00000000ec86a3c0}: org/jetbrains/plugins/gradle/tooling/util/JavaPluginUtilBeanInfo> (0x00000000ec86a3c0) thrown at [./src/hotspot/share/classfile/systemDictionary.cpp, line 231]
Event: 2442.300 Thread 0x0000025d1d74a000 Exception <a 'java/lang/ClassNotFoundException'{0x00000000ec8772f0}: org/jetbrains/plugins/gradle/tooling/util/JavaPluginUtilCustomizer> (0x00000000ec8772f0) thrown at [./src/hotspot/share/classfile/systemDictionary.cpp, line 231]
Event: 2442.314 Thread 0x0000025d1d74a000 Exception <a 'java/lang/ClassNotFoundException'{0x00000000ec725018}: org/jetbrains/plugins/gradle/model/DefaultExternalSourceSetBeanInfo> (0x00000000ec725018) thrown at [./src/hotspot/share/classfile/systemDictionary.cpp, line 231]
Event: 2442.314 Thread 0x0000025d1d74a000 Exception <a 'java/lang/ClassNotFoundException'{0x00000000ec7337c0}: org/jetbrains/plugins/gradle/model/DefaultExternalSourceSetCustomizer> (0x00000000ec7337c0) thrown at [./src/hotspot/share/classfile/systemDictionary.cpp, line 231]
Event: 2442.317 Thread 0x0000025d1d74a000 Implicit null exception at 0x0000025d0e322218 to 0x0000025d0e32241d
Event: 2442.319 Thread 0x0000025d1d74a000 Exception <a 'java/lang/ClassNotFoundException'{0x00000000ec784850}: org/jetbrains/plugins/gradle/model/DefaultExternalSourceDirectorySetBeanInfo> (0x00000000ec784850) thrown at [./src/hotspot/share/classfile/systemDictionary.cpp, line 231]
Event: 2442.319 Thread 0x0000025d1d74a000 Exception <a 'java/lang/ClassNotFoundException'{0x00000000ec7937a0}: org/jetbrains/plugins/gradle/model/DefaultExternalSourceDirectorySetCustomizer> (0x00000000ec7937a0) thrown at [./src/hotspot/share/classfile/systemDictionary.cpp, line 231]
Event: 2442.324 Thread 0x0000025d1d74a000 Exception <a 'java/lang/ClassNotFoundException'{0x00000000ec7ed8b8}: com/intellij/openapi/externalSystem/model/project/ExternalSystemSourceTypeBeanInfo> (0x00000000ec7ed8b8) thrown at [./src/hotspot/share/classfile/systemDictionary.cpp, line 231]
Event: 2442.324 Thread 0x0000025d1d74a000 Exception <a 'java/lang/ClassNotFoundException'{0x00000000ec7fcf90}: com/intellij/openapi/externalSystem/model/project/ExternalSystemSourceTypeCustomizer> (0x00000000ec7fcf90) thrown at [./src/hotspot/share/classfile/systemDictionary.cpp, line 231]
Event: 2442.571 Thread 0x0000025d1d74a000 Implicit null exception at 0x0000025d0dc21e3c to 0x0000025d0dc21f68
Event: 2442.573 Thread 0x0000025d1d74a000 Implicit null exception at 0x0000025d0e1d14aa to 0x0000025d0e1d71a8
Event: 2442.573 Thread 0x0000025d1d74a000 Implicit null exception at 0x0000025d0dd3a752 to 0x0000025d0dd3dd00
Event: 2442.580 Thread 0x0000025d1d74a000 Implicit null exception at 0x0000025d0dc4f34e to 0x0000025d0dc4f8f4
Event: 2442.580 Thread 0x0000025d1d74a000 Implicit null exception at 0x0000025d0dd2f2f0 to 0x0000025d0dd2f938
Event: 2442.581 Thread 0x0000025d1d74a000 Implicit null exception at 0x0000025d0dc05f27 to 0x0000025d0dc060a8
Event: 2442.904 Thread 0x0000025d1a252000 Exception <a 'java/lang/NoSuchMethodError'{0x00000000ee006650}: <clinit>> (0x00000000ee006650) thrown at [./src/hotspot/share/prims/jni.cpp, line 1362]
Event: 2442.906 Thread 0x0000025d1a252000 Exception <a 'java/lang/NoSuchMethodError'{0x00000000ee09fc00}: <clinit>> (0x00000000ee09fc00) thrown at [./src/hotspot/share/prims/jni.cpp, line 1362]
Event: 2442.908 Thread 0x0000025d1a252000 Exception <a 'java/lang/NoSuchMethodError'{0x00000000ee0af7e0}: <clinit>> (0x00000000ee0af7e0) thrown at [./src/hotspot/share/prims/jni.cpp, line 1362]
Event: 5371.316 Thread 0x0000025d1d748800 Implicit null exception at 0x0000025d0dc56e9e to 0x0000025d0dc595a4

Events (20 events):
Event: 5371.418 Thread 0x0000025d22d34000 Thread added: 0x0000025d22d34000
Event: 5371.419 Thread 0x0000025d22d3a800 Thread added: 0x0000025d22d3a800
Event: 5371.419 Thread 0x0000025d22d35000 Thread added: 0x0000025d22d35000
Event: 5371.420 Thread 0x0000025d22d3e000 Thread added: 0x0000025d22d3e000
Event: 5371.420 Thread 0x0000025d22d3e800 Thread added: 0x0000025d22d3e800
Event: 5371.420 Thread 0x0000025d22d3f800 Thread added: 0x0000025d22d3f800
Event: 5371.421 Thread 0x0000025d22d3b800 Thread added: 0x0000025d22d3b800
Event: 5371.421 Thread 0x0000025d22d3c000 Thread added: 0x0000025d22d3c000
Event: 5371.422 Thread 0x0000025d22d3d000 Thread added: 0x0000025d22d3d000
Event: 5371.422 Thread 0x0000025d1a248800 Thread added: 0x0000025d1a248800
Event: 5371.422 Thread 0x0000025d1a245000 Thread added: 0x0000025d1a245000
Event: 5371.423 Thread 0x0000025d1a24a000 Thread added: 0x0000025d1a24a000
Event: 5371.423 Thread 0x0000025d1a249000 Thread added: 0x0000025d1a249000
Event: 5371.424 Thread 0x0000025d1a246800 Thread added: 0x0000025d1a246800
Event: 5371.424 Thread 0x0000025d1a24b000 Thread added: 0x0000025d1a24b000
Event: 5371.425 Thread 0x0000025d1a24b800 Thread added: 0x0000025d1a24b800
Event: 5371.425 Thread 0x0000025d1a247800 Thread added: 0x0000025d1a247800
Event: 5371.583 Thread 0x0000025d1a246000 Thread added: 0x0000025d1a246000
Event: 5371.846 Executing VM operation: ICBufferFull
Event: 5371.847 Executing VM operation: ICBufferFull done


Dynamic libraries:
0x00007ff78d1d0000 - 0x00007ff78d1da000 	C:\Program Files\Android\Android Studio\jre\bin\java.exe
0x00007ffa65270000 - 0x00007ffa65464000 	C:\Windows\SYSTEM32\ntdll.dll
0x00007ffa63510000 - 0x00007ffa635cd000 	C:\Windows\System32\KERNEL32.DLL
0x00007ffa62d50000 - 0x00007ffa63017000 	C:\Windows\System32\KERNELBASE.dll
0x00007ffa62c50000 - 0x00007ffa62d50000 	C:\Windows\System32\ucrtbase.dll
0x00007ffa58650000 - 0x00007ffa58669000 	C:\Program Files\Android\Android Studio\jre\bin\jli.dll
0x00007ffa4ec50000 - 0x00007ffa4ec67000 	C:\Program Files\Android\Android Studio\jre\bin\VCRUNTIME140.dll
0x00007ffa646b0000 - 0x00007ffa64850000 	C:\Windows\System32\USER32.dll
0x00007ffa63110000 - 0x00007ffa63132000 	C:\Windows\System32\win32u.dll
0x00007ffa4d8b0000 - 0x00007ffa4db4a000 	C:\Windows\WinSxS\amd64_microsoft.windows.common-controls_6595b64144ccf1df_6.0.19041.1_none_b555e41d4684ddec\COMCTL32.dll
0x00007ffa63cf0000 - 0x00007ffa63d1a000 	C:\Windows\System32\GDI32.dll
0x00007ffa63c50000 - 0x00007ffa63cee000 	C:\Windows\System32\msvcrt.dll
0x00007ffa631c0000 - 0x00007ffa632ca000 	C:\Windows\System32\gdi32full.dll
0x00007ffa63020000 - 0x00007ffa630bd000 	C:\Windows\System32\msvcp_win.dll
0x00007ffa63bb0000 - 0x00007ffa63be0000 	C:\Windows\System32\IMM32.DLL
0x00007ffa437e0000 - 0x00007ffa4387d000 	C:\Program Files\Android\Android Studio\jre\bin\msvcp140.dll
0x00007ffa20d30000 - 0x00007ffa217ec000 	C:\Program Files\Android\Android Studio\jre\bin\server\jvm.dll
0x00007ffa63b00000 - 0x00007ffa63baa000 	C:\Windows\System32\ADVAPI32.dll
0x00007ffa64460000 - 0x00007ffa644fb000 	C:\Windows\System32\sechost.dll
0x00007ffa633e0000 - 0x00007ffa63503000 	C:\Windows\System32\RPCRT4.dll
0x00007ffa635d0000 - 0x00007ffa635d8000 	C:\Windows\System32\PSAPI.DLL
0x00007ffa55e10000 - 0x00007ffa55e19000 	C:\Windows\SYSTEM32\WSOCK32.dll
0x00007ffa4dd00000 - 0x00007ffa4dd27000 	C:\Windows\SYSTEM32\WINMM.dll
0x00007ffa59370000 - 0x00007ffa5937a000 	C:\Windows\SYSTEM32\VERSION.dll
0x00007ffa63be0000 - 0x00007ffa63c4b000 	C:\Windows\System32\WS2_32.dll
0x00007ffa612c0000 - 0x00007ffa612d3000 	C:\Windows\SYSTEM32\kernel.appcore.dll
0x00007ffa45e90000 - 0x00007ffa45ea1000 	C:\Program Files\Android\Android Studio\jre\bin\verify.dll
0x00007ffa5d660000 - 0x00007ffa5d844000 	C:\Windows\SYSTEM32\DBGHELP.DLL
0x00007ffa3d0f0000 - 0x00007ffa3d11c000 	C:\Windows\SYSTEM32\dbgcore.DLL
0x00007ffa63140000 - 0x00007ffa631bf000 	C:\Windows\System32\bcryptPrimitives.dll
0x00007ffa43470000 - 0x00007ffa43499000 	C:\Program Files\Android\Android Studio\jre\bin\java.dll
0x00007ffa4ea80000 - 0x00007ffa4ea8b000 	C:\Program Files\Android\Android Studio\jre\bin\jimage.dll
0x00007ffa44cb0000 - 0x00007ffa44cc8000 	C:\Program Files\Android\Android Studio\jre\bin\zip.dll
0x00007ffa63d20000 - 0x00007ffa64451000 	C:\Windows\System32\SHELL32.dll
0x00007ffa60b20000 - 0x00007ffa612aa000 	C:\Windows\SYSTEM32\windows.storage.dll
0x00007ffa648b0000 - 0x00007ffa64c04000 	C:\Windows\System32\combase.dll
0x00007ffa62430000 - 0x00007ffa6245b000 	C:\Windows\SYSTEM32\Wldp.dll
0x00007ffa632d0000 - 0x00007ffa6337e000 	C:\Windows\System32\SHCORE.dll
0x00007ffa64850000 - 0x00007ffa648a5000 	C:\Windows\System32\shlwapi.dll
0x00007ffa628f0000 - 0x00007ffa6290f000 	C:\Windows\SYSTEM32\profapi.dll
0x00007ffa42fe0000 - 0x00007ffa42ffa000 	C:\Program Files\Android\Android Studio\jre\bin\net.dll
0x00007ffa4ff60000 - 0x00007ffa50062000 	C:\Windows\SYSTEM32\WINHTTP.dll
0x00007ffa621b0000 - 0x00007ffa6221a000 	C:\Windows\system32\mswsock.dll
0x00007ffa42e30000 - 0x00007ffa42e44000 	C:\Program Files\Android\Android Studio\jre\bin\nio.dll
0x00007ffa54810000 - 0x00007ffa54837000 	C:\Users\¿‰ÏËÌËÒÚ‡ÚÓ\.gradle\native\9f2fa17c089eee584f3420100432f77ec4c098959e4bf121a4d6054c26537dfb\windows-amd64\native-platform.dll
0x00007ffa4ea60000 - 0x00007ffa4ea6a000 	C:\Program Files\Android\Android Studio\jre\bin\management.dll
0x00007ffa4c3f0000 - 0x00007ffa4c3fc000 	C:\Program Files\Android\Android Studio\jre\bin\management_ext.dll
0x00007ffa62380000 - 0x00007ffa62398000 	C:\Windows\SYSTEM32\CRYPTSP.dll
0x00007ffa61ad0000 - 0x00007ffa61b04000 	C:\Windows\system32\rsaenh.dll
0x00007ffa62ac0000 - 0x00007ffa62ae7000 	C:\Windows\System32\bcrypt.dll
0x00007ffa628b0000 - 0x00007ffa628de000 	C:\Windows\SYSTEM32\USERENV.dll
0x00007ffa623a0000 - 0x00007ffa623ac000 	C:\Windows\SYSTEM32\CRYPTBASE.dll
0x00007ffa61e50000 - 0x00007ffa61e8b000 	C:\Windows\SYSTEM32\IPHLPAPI.DLL
0x00007ffa63880000 - 0x00007ffa63889000 	C:\Windows\System32\NSI.dll
0x00007ffa58080000 - 0x00007ffa58097000 	C:\Windows\SYSTEM32\dhcpcsvc6.DLL
0x00007ffa584c0000 - 0x00007ffa584dd000 	C:\Windows\SYSTEM32\dhcpcsvc.DLL
0x00007ffa61ea0000 - 0x00007ffa61f6a000 	C:\Windows\SYSTEM32\DNSAPI.dll
0x00007ffa58520000 - 0x00007ffa5852b000 	C:\Windows\SYSTEM32\WINNSI.DLL
0x00007ffa2b960000 - 0x00007ffa2baf6000 	C:\Users\¿‰ÏËÌËÒÚ‡ÚÓ\.gradle\native\9f2fa17c089eee584f3420100432f77ec4c098959e4bf121a4d6054c26537dfb\windows-amd64\native-platform-file-events.dll
0x00007ffa3db40000 - 0x00007ffa3db67000 	C:\Program Files\Android\Android Studio\jre\bin\sunec.dll
0x00007ffa57db0000 - 0x00007ffa57dba000 	C:\Windows\System32\rasadhlp.dll
0x00007ffa4f0b0000 - 0x00007ffa4f12f000 	C:\Windows\System32\fwpuclnt.dll

dbghelp: loaded successfully - version: 4.0.5 - missing functions: none
symbol engine: initialized successfully - sym options: 0x614 - pdb path: .;C:\Program Files\Android\Android Studio\jre\bin;C:\Windows\SYSTEM32;C:\Windows\WinSxS\amd64_microsoft.windows.common-controls_6595b64144ccf1df_6.0.19041.1_none_b555e41d4684ddec;C:\Program Files\Android\Android Studio\jre\bin\server;C:\Users\¿‰ÏËÌËÒÚ‡ÚÓ\.gradle\native\9f2fa17c089eee584f3420100432f77ec4c098959e4bf121a4d6054c26537dfb\windows-amd64

VM Arguments:
jvm_args: --add-opens=java.base/java.util=ALL-UNNAMED --add-opens=java.base/java.lang=ALL-UNNAMED --add-opens=java.base/java.lang.invoke=ALL-UNNAMED --add-opens=java.prefs/java.util.prefs=ALL-UNNAMED -XX:MaxMetaspaceSize=256m -XX:+HeapDumpOnOutOfMemoryError -Xms256m -Xmx512m -Dfile.encoding=windows-1251 -Duser.country=RU -Duser.language=ru -Duser.variant 
java_command: org.gradle.launcher.daemon.bootstrap.GradleDaemon 6.6.1
java_class_path (initial): C:\Users\¿‰ÏËÌËÒÚ‡ÚÓ\.gradle\wrapper\dists\gradle-6.6.1-bin\du4tvj86lhti6iga1v8h7pckb\gradle-6.6.1\lib\gradle-launcher-6.6.1.jar
Launcher Type: SUN_STANDARD

[Global flags]
     intx CICompilerCount                          = 4                                         {product} {ergonomic}
   size_t CompressedClassSpaceSize                 = 260046848                                 {product} {ergonomic}
     uint ConcGCThreads                            = 2                                         {product} {ergonomic}
     uint G1ConcRefinementThreads                  = 8                                         {product} {ergonomic}
   size_t G1HeapRegionSize                         = 1048576                                   {product} {ergonomic}
    uintx GCDrainStackTargetSize                   = 64                                        {product} {ergonomic}
     bool HeapDumpOnOutOfMemoryError               = true                                   {manageable} {command line}
   size_t InitialHeapSize                          = 268435456                                 {product} {command line}
   size_t MarkStackSize                            = 4194304                                   {product} {ergonomic}
   size_t MaxHeapSize                              = 536870912                                 {product} {command line}
   size_t MaxMetaspaceSize                         = 268435456                                 {product} {command line}
   size_t MaxNewSize                               = 321912832                                 {product} {ergonomic}
   size_t MinHeapDeltaBytes                        = 1048576                                   {product} {ergonomic}
    uintx NonNMethodCodeHeapSize                   = 5836300                                {pd product} {ergonomic}
    uintx NonProfiledCodeHeapSize                  = 122910970                              {pd product} {ergonomic}
    uintx ProfiledCodeHeapSize                     = 122910970                              {pd product} {ergonomic}
    uintx ReservedCodeCacheSize                    = 251658240                              {pd product} {ergonomic}
     bool SegmentedCodeCache                       = true                                      {product} {ergonomic}
     bool UseCompressedClassPointers               = true                                 {lp64_product} {ergonomic}
     bool UseCompressedOops                        = true                                 {lp64_product} {ergonomic}
     bool UseG1GC                                  = true                                      {product} {ergonomic}
     bool UseLargePagesIndividualAllocation        = false                                  {pd product} {ergonomic}

Logging:
Log output configuration:
 #0: stdout all=warning uptime,level,tags
 #1: stderr all=off uptime,level,tags

Environment Variables:
JAVA_HOME=C:\Program Files\Java\jdk-11.0.9.1+1
PATH=C:\Windows\system32;C:\Windows;C:\Windows\System32\Wbem;C:\Windows\System32\WindowsPowerShell\v1.0\;C:\Windows\System32\OpenSSH\;C:\Program Files (x86)\NVIDIA Corporation\PhysX\Common;C:\Program Files\NVIDIA Corporation\NVIDIA NvDLISR;C:\Program Files\Git\cmd;C:\Program Files\Java\jdk-11.0.9.1+1\bin;C:\Users\¿‰ÏËÌËÒÚ‡ÚÓ\AppData\Local\Microsoft\WindowsApps;
USERNAME=¿‰ÏËÌËÒÚ‡ÚÓ
OS=Windows_NT
PROCESSOR_IDENTIFIER=Intel64 Family 6 Model 142 Stepping 12, GenuineIntel



---------------  S Y S T E M  ---------------

OS: Windows 10 , 64 bit Build 19041 (10.0.19041.1)
OS uptime: 4 days 1:42 hours

CPU:total 8 (initial active 8) (4 cores per cpu, 2 threads per core) family 6 model 142 stepping 12, cmov, cx8, fxsr, mmx, sse, sse2, sse3, ssse3, sse4.1, sse4.2, popcnt, avx, avx2, aes, clmul, erms, 3dnowpref, lzcnt, ht, tsc, tscinvbit, bmi1, bmi2, adx, fma

Memory: 4k page, system-wide physical 7908M (1526M free)
TotalPageFile size 7908M (AvailPageFile size 3M)
current process WorkingSet (physical memory assigned to process): 276M, peak: 543M
current process commit charge ("private bytes"): 566M, peak: 585M

vm_info: OpenJDK 64-Bit Server VM (11.0.8+10-b944.6842174) for windows-amd64 JRE (11.0.8+10-b944.6842174), built on Sep 19 2020 01:11:42 by "builder" with MS VC++ 14.0 (VS2015)

END.
