#
# There is insufficient memory for the Java Runtime Environment to continue.
# Native memory allocation (mmap) failed to map 67108864 bytes for Failed to commit area from 0x00000000fc000000 to 0x0000000100000000 of length 67108864.
# Possible reasons:
#   The system is out of physical RAM or swap space
#   The process is running with CompressedOops enabled, and the Java Heap may be blocking the growth of the native heap
# Possible solutions:
#   Reduce memory load on the system
#   Increase physical memory or swap space
#   Check if swap backing store is full
#   Decrease Java heap size (-Xmx/-Xms)
#   Decrease number of Java threads
#   Decrease Java thread stack sizes (-Xss)
#   Set larger code cache with -XX:ReservedCodeCacheSize=
# This output file may be truncated or incomplete.
#
#  Out of Memory Error (./src/hotspot/os/windows/os_windows.cpp:3303), pid=9616, tid=4284
#
# JRE version:  (11.0.8+10) (build )
# Java VM: OpenJDK 64-Bit Server VM (11.0.8+10-b944.6842174, mixed mode, sharing, tiered, compressed oops, g1 gc, windows-amd64)
# No core dump will be written. Minidumps are not enabled by default on client versions of Windows
#

---------------  S U M M A R Y ------------

Command Line: -Xmx64m -Xms64m -Dorg.gradle.appname=gradlew org.gradle.wrapper.GradleWrapperMain :Simple_Chatty_Bot-task:testClasses

Host: Intel(R) Core(TM) i5-10210U CPU @ 1.60GHz, 8 cores, 7G,  Windows 10 , 64 bit Build 19041 (10.0.19041.1)
Time: Thu May 13 17:12:18 2021 Беларусь (зима) elapsed time: 0 seconds (0d 0h 0m 0s)

---------------  T H R E A D  ---------------

Current thread (0x0000019892428000):  JavaThread "Unknown thread" [_thread_in_vm, id=4284, stack(0x00000020c6300000,0x00000020c6400000)]

Stack: [0x00000020c6300000,0x00000020c6400000]
Native frames: (J=compiled Java code, j=interpreted, Vv=VM code, C=native code)
V  [jvm.dll+0x5de50a]
V  [jvm.dll+0x7122f5]
V  [jvm.dll+0x71384d]
V  [jvm.dll+0x713f03]
V  [jvm.dll+0x23e728]
V  [jvm.dll+0x5db9a4]
V  [jvm.dll+0x5d0ae5]
V  [jvm.dll+0x2fb20b]
V  [jvm.dll+0x2fb17a]
V  [jvm.dll+0x2fb052]
V  [jvm.dll+0x2fff16]
V  [jvm.dll+0x348743]
V  [jvm.dll+0x348e46]
V  [jvm.dll+0x348843]
V  [jvm.dll+0x2d5d68]
V  [jvm.dll+0x2d6f07]
V  [jvm.dll+0x6f11f7]
V  [jvm.dll+0x6f29ec]
V  [jvm.dll+0x355cb9]
V  [jvm.dll+0x6d4ade]
V  [jvm.dll+0x3bdfe3]
V  [jvm.dll+0x3c0201]
C  [jli.dll+0x5373]
C  [ucrtbase.dll+0x21542]
C  [KERNEL32.DLL+0x16fd4]
C  [ntdll.dll+0x4cf31]


---------------  P R O C E S S  ---------------

Threads class SMR info:
_java_thread_list=0x0000019890a30740, length=0, elements={
}

Java Threads: ( => current thread )

Other Threads:
  0x0000019892440000 GCTaskThread "GC Thread#0" [stack: 0x00000020c6400000,0x00000020c6500000] [id=2612]
  0x0000019892446000 ConcurrentGCThread "G1 Main Marker" [stack: 0x00000020c6500000,0x00000020c6600000] [id=11076]
  0x0000019892447800 ConcurrentGCThread "G1 Conc#0" [stack: 0x00000020c6600000,0x00000020c6700000] [id=5900]

[error occurred during error reporting (printing all threads), id 0xc0000005, EXCEPTION_ACCESS_VIOLATION (0xc0000005) at pc=0x00007ffe5dd66357]

VM state:not at safepoint (not fully initialized)

VM Mutex/Monitor currently owned by a thread:  ([mutex/lock_event])
[0x00000198924230a0] Heap_lock - owner thread: 0x0000019892428000

Heap address: 0x00000000fc000000, size: 64 MB, Compressed Oops mode: Non-zero based: 0x00000000fc000000
Narrow klass base: 0x0000000000000000, Narrow klass shift: 0

GC Heap History (0 events):
No events

Deoptimization events (0 events):
No events

Classes redefined (0 events):
No events

Internal exceptions (0 events):
No events

Events (1 events):
Event: 0.009 Loaded shared library C:\Program Files\Android\Android Studio\jre\bin\zip.dll


Dynamic libraries:
0x00007ff6c5f40000 - 0x00007ff6c5f4a000 	C:\Program Files\Android\Android Studio\jre\bin\java.exe
0x00007ffec91b0000 - 0x00007ffec93a4000 	C:\Windows\SYSTEM32\ntdll.dll
0x00007ffec8060000 - 0x00007ffec811d000 	C:\Windows\System32\KERNEL32.DLL
0x00007ffec6e60000 - 0x00007ffec7127000 	C:\Windows\System32\KERNELBASE.dll
0x00007ffec6920000 - 0x00007ffec6a20000 	C:\Windows\System32\ucrtbase.dll
0x00007ffeb1a60000 - 0x00007ffeb1a79000 	C:\Program Files\Android\Android Studio\jre\bin\jli.dll
0x00007ffeb19f0000 - 0x00007ffeb1a07000 	C:\Program Files\Android\Android Studio\jre\bin\VCRUNTIME140.dll
0x00007ffec89a0000 - 0x00007ffec8b40000 	C:\Windows\System32\USER32.dll
0x00007ffec71e0000 - 0x00007ffec7202000 	C:\Windows\System32\win32u.dll
0x00007ffeb2780000 - 0x00007ffeb2a1a000 	C:\Windows\WinSxS\amd64_microsoft.windows.common-controls_6595b64144ccf1df_6.0.19041.1_none_b555e41d4684ddec\COMCTL32.dll
0x00007ffec7310000 - 0x00007ffec733a000 	C:\Windows\System32\GDI32.dll
0x00007ffec7a30000 - 0x00007ffec7ace000 	C:\Windows\System32\msvcrt.dll
0x00007ffec6cf0000 - 0x00007ffec6dfa000 	C:\Windows\System32\gdi32full.dll
0x00007ffec6a20000 - 0x00007ffec6abd000 	C:\Windows\System32\msvcp_win.dll
0x00007ffec7900000 - 0x00007ffec7930000 	C:\Windows\System32\IMM32.DLL
0x00007ffe9e4a0000 - 0x00007ffe9e53d000 	C:\Program Files\Android\Android Studio\jre\bin\msvcp140.dll
0x00007ffe5da80000 - 0x00007ffe5e53c000 	C:\Program Files\Android\Android Studio\jre\bin\server\jvm.dll
0x00007ffec7b40000 - 0x00007ffec7bea000 	C:\Windows\System32\ADVAPI32.dll
0x00007ffec7270000 - 0x00007ffec730b000 	C:\Windows\System32\sechost.dll
0x00007ffec77b0000 - 0x00007ffec78d3000 	C:\Windows\System32\RPCRT4.dll
0x00007ffec78f0000 - 0x00007ffec78f8000 	C:\Windows\System32\PSAPI.DLL
0x00007ffea1770000 - 0x00007ffea1779000 	C:\Windows\SYSTEM32\WSOCK32.dll
0x00007ffeb2bd0000 - 0x00007ffeb2bf7000 	C:\Windows\SYSTEM32\WINMM.dll
0x00007ffec8c80000 - 0x00007ffec8ceb000 	C:\Windows\System32\WS2_32.dll
0x00007ffebe390000 - 0x00007ffebe39a000 	C:\Windows\SYSTEM32\VERSION.dll
0x00007ffec5250000 - 0x00007ffec5263000 	C:\Windows\SYSTEM32\kernel.appcore.dll
0x00007ffea0010000 - 0x00007ffea0021000 	C:\Program Files\Android\Android Studio\jre\bin\verify.dll
0x00007ffec1ed0000 - 0x00007ffec20b4000 	C:\Windows\SYSTEM32\DBGHELP.DLL
0x00007ffea15d0000 - 0x00007ffea15fc000 	C:\Windows\SYSTEM32\dbgcore.DLL
0x00007ffec6ac0000 - 0x00007ffec6b3f000 	C:\Windows\System32\bcryptPrimitives.dll
0x00007ffe9e960000 - 0x00007ffe9e989000 	C:\Program Files\Android\Android Studio\jre\bin\java.dll
0x00007ffea05a0000 - 0x00007ffea05ab000 	C:\Program Files\Android\Android Studio\jre\bin\jimage.dll
0x00007ffe9e940000 - 0x00007ffe9e958000 	C:\Program Files\Android\Android Studio\jre\bin\zip.dll

dbghelp: loaded successfully - version: 4.0.5 - missing functions: none
symbol engine: initialized successfully - sym options: 0x614 - pdb path: .;C:\Program Files\Android\Android Studio\jre\bin;C:\Windows\SYSTEM32;C:\Windows\WinSxS\amd64_microsoft.windows.common-controls_6595b64144ccf1df_6.0.19041.1_none_b555e41d4684ddec;C:\Program Files\Android\Android Studio\jre\bin\server

VM Arguments:
jvm_args: -Xmx64m -Xms64m -Dorg.gradle.appname=gradlew 
java_command: org.gradle.wrapper.GradleWrapperMain :Simple_Chatty_Bot-task:testClasses
java_class_path (initial): F:\kotlin\Simple Chatty Bot\\gradle\wrapper\gradle-wrapper.jar
Launcher Type: SUN_STANDARD

[Global flags]
     intx CICompilerCount                          = 4                                         {product} {ergonomic}
     uint ConcGCThreads                            = 2                                         {product} {ergonomic}
     uint G1ConcRefinementThreads                  = 8                                         {product} {ergonomic}
   size_t G1HeapRegionSize                         = 1048576                                   {product} {ergonomic}
    uintx GCDrainStackTargetSize                   = 64                                        {product} {ergonomic}
   size_t InitialHeapSize                          = 67108864                                  {product} {command line}
   size_t MarkStackSize                            = 4194304                                   {product} {ergonomic}
   size_t MaxHeapSize                              = 67108864                                  {product} {command line}
   size_t MinHeapDeltaBytes                        = 1048576                                   {product} {ergonomic}
    uintx NonNMethodCodeHeapSize                   = 5836300                                {pd product} {ergonomic}
    uintx NonProfiledCodeHeapSize                  = 122910970                              {pd product} {ergonomic}
    uintx ProfiledCodeHeapSize                     = 122910970                              {pd product} {ergonomic}
    uintx ReservedCodeCacheSize                    = 251658240                              {pd product} {ergonomic}
     bool SegmentedCodeCache                       = true                                      {product} {ergonomic}
     bool UseCompressedClassPointers               = true                                 {lp64_product} {ergonomic}
     bool UseCompressedOops                        = true                                 {lp64_product} {ergonomic}
     bool UseG1GC                                  = true                                      {product} {ergonomic}
     bool UseLargePagesIndividualAllocation        = false                                  {pd product} {ergonomic}

Logging:
Log output configuration:
 #0: stdout all=warning uptime,level,tags
 #1: stderr all=off uptime,level,tags

Environment Variables:
JAVA_HOME=C:/Program Files/Android/Android Studio/jre
CLASSPATH=F:\kotlin\Simple Chatty Bot\\gradle\wrapper\gradle-wrapper.jar
PATH=C:\Windows\system32;C:\Windows;C:\Windows\System32\Wbem;C:\Windows\System32\WindowsPowerShell\v1.0\;C:\Windows\System32\OpenSSH\;C:\Program Files (x86)\NVIDIA Corporation\PhysX\Common;C:\Program Files\NVIDIA Corporation\NVIDIA NvDLISR;C:\Program Files\Git\cmd;C:\Program Files\Java\jdk-11.0.9.1+1\bin;C:\Users\Администратор\AppData\Local\Microsoft\WindowsApps;
USERNAME=Администратор
OS=Windows_NT
PROCESSOR_IDENTIFIER=Intel64 Family 6 Model 142 Stepping 12, GenuineIntel



---------------  S Y S T E M  ---------------

OS: Windows 10 , 64 bit Build 19041 (10.0.19041.1)
OS uptime: 0 days 1:02 hours

CPU:total 8 (initial active 8) (4 cores per cpu, 2 threads per core) family 6 model 142 stepping 12, cmov, cx8, fxsr, mmx, sse, sse2, sse3, ssse3, sse4.1, sse4.2, popcnt, avx, avx2, aes, clmul, erms, 3dnowpref, lzcnt, ht, tsc, tscinvbit, bmi1, bmi2, adx, fma

Memory: 4k page, system-wide physical 7908M (1342M free)
TotalPageFile size 7908M (AvailPageFile size 23M)
current process WorkingSet (physical memory assigned to process): 9M, peak: 9M
current process commit charge ("private bytes"): 59M, peak: 123M

vm_info: OpenJDK 64-Bit Server VM (11.0.8+10-b944.6842174) for windows-amd64 JRE (11.0.8+10-b944.6842174), built on Sep 19 2020 01:11:42 by "builder" with MS VC++ 14.0 (VS2015)

END.
